{"meta": {"format": 3, "version": "7.13.0", "timestamp": "2025-12-16T19:17:58.924940", "branch_coverage": false, "show_contexts": false}, "files": {"src/__init__.py": {"executed_lines": [1, 3], "summary": {"covered_lines": 1, "num_statements": 1, "percent_covered": 100.0, "percent_covered_display": "100", "missing_lines": 0, "excluded_lines": 0, "percent_statements_covered": 100.0, "percent_statements_covered_display": "100"}, "missing_lines": [], "excluded_lines": [], "functions": {"": {"executed_lines": [1, 3], "summary": {"covered_lines": 1, "num_statements": 1, "percent_covered": 100.0, "percent_covered_display": "100", "missing_lines": 0, "excluded_lines": 0, "percent_statements_covered": 100.0, "percent_statements_covered_display": "100"}, "missing_lines": [], "excluded_lines": []}}, "classes": {"": {"executed_lines": [1, 3], "summary": {"covered_lines": 1, "num_statements": 1, "percent_covered": 100.0, "percent_covered_display": "100", "missing_lines": 0, "excluded_lines": 0, "percent_statements_covered": 100.0, "percent_statements_covered_display": "100"}, "missing_lines": [], "excluded_lines": []}}}, "src/analytics.py": {"executed_lines": [1, 5, 6, 7, 8, 9, 10, 13, 14, 16, 21, 32, 42, 50, 60, 70, 80, 89, 142, 228, 238], "summary": {"covered_lines": 19, "num_statements": 83, "percent_covered": 22.89156626506024, "percent_covered_display": "23", "missing_lines": 64, "excluded_lines": 0, "percent_statements_covered": 22.89156626506024, "percent_statements_covered_display": "23"}, "missing_lines": [18, 19, 23, 24, 25, 26, 27, 28, 29, 30, 34, 44, 45, 46, 47, 48, 52, 58, 62, 68, 72, 78, 82, 87, 96, 99, 103, 107, 111, 117, 118, 119, 120, 122, 126, 131, 152, 155, 158, 159, 161, 162, 163, 165, 166, 169, 186, 187, 189, 196, 197, 205, 211, 212, 217, 219, 226, 230, 231, 233, 234, 236, 240, 241], "excluded_lines": [], "functions": {"Analytics.__init__": {"executed_lines": [], "summary": {"covered_lines": 0, "num_statements": 2, "percent_covered": 0.0, "percent_covered_display": "0", "missing_lines": 2, "excluded_lines": 0, "percent_statements_covered": 0.0, "percent_statements_covered_display": "0"}, "missing_lines": [18, 19], "excluded_lines": []}, "Analytics._load_data": {"executed_lines": [], "summary": {"covered_lines": 0, "num_statements": 8, "percent_covered": 0.0, "percent_covered_display": "0", "missing_lines": 8, "excluded_lines": 0, "percent_statements_covered": 0.0, "percent_statements_covered_display": "0"}, "missing_lines": [23, 24, 25, 26, 27, 28, 29, 30], "excluded_lines": []}, "Analytics._default_data": {"executed_lines": [], "summary": {"covered_lines": 0, "num_statements": 1, "percent_covered": 0.0, "percent_covered_display": "0", "missing_lines": 1, "excluded_lines": 0, "percent_statements_covered": 0.0, "percent_statements_covered_display": "0"}, "missing_lines": [34], "excluded_lines": []}, "Analytics._save_data": {"executed_lines": [], "summary": {"covered_lines": 0, "num_statements": 5, "percent_covered": 0.0, "percent_covered_display": "0", "missing_lines": 5, "excluded_lines": 0, "percent_statements_covered": 0.0, "percent_statements_covered_display": "0"}, "missing_lines": [44, 45, 46, 47, 48], "excluded_lines": []}, "Analytics.record_market_scan": {"executed_lines": [], "summary": {"covered_lines": 0, "num_statements": 2, "percent_covered": 0.0, "percent_covered_display": "0", "missing_lines": 2, "excluded_lines": 0, "percent_statements_covered": 0.0, "percent_statements_covered_display": "0"}, "missing_lines": [52, 58], "excluded_lines": []}, "Analytics.record_stage1_scan": {"executed_lines": [], "summary": {"covered_lines": 0, "num_statements": 2, "percent_covered": 0.0, "percent_covered_display": "0", "missing_lines": 2, "excluded_lines": 0, "percent_statements_covered": 0.0, "percent_statements_covered_display": "0"}, "missing_lines": [62, 68], "excluded_lines": []}, "Analytics.record_stage2_scan": {"executed_lines": [], "summary": {"covered_lines": 0, "num_statements": 2, "percent_covered": 0.0, "percent_covered_display": "0", "missing_lines": 2, "excluded_lines": 0, "percent_statements_covered": 0.0, "percent_statements_covered_display": "0"}, "missing_lines": [72, 78], "excluded_lines": []}, "Analytics.record_alert_sent": {"executed_lines": [], "summary": {"covered_lines": 0, "num_statements": 2, "percent_covered": 0.0, "percent_covered_display": "0", "missing_lines": 2, "excluded_lines": 0, "percent_statements_covered": 0.0, "percent_statements_covered_display": "0"}, "missing_lines": [82, 87], "excluded_lines": []}, "Analytics.get_weekly_stats": {"executed_lines": [], "summary": {"covered_lines": 0, "num_statements": 12, "percent_covered": 0.0, "percent_covered_display": "0", "missing_lines": 12, "excluded_lines": 0, "percent_statements_covered": 0.0, "percent_statements_covered_display": "0"}, "missing_lines": [96, 99, 103, 107, 111, 117, 118, 119, 120, 122, 126, 131], "excluded_lines": []}, "Analytics.generate_weekly_report": {"executed_lines": [], "summary": {"covered_lines": 0, "num_statements": 21, "percent_covered": 0.0, "percent_covered_display": "0", "missing_lines": 21, "excluded_lines": 0, "percent_statements_covered": 0.0, "percent_statements_covered_display": "0"}, "missing_lines": [152, 155, 158, 159, 161, 162, 163, 165, 166, 169, 186, 187, 189, 196, 197, 205, 211, 212, 217, 219, 226], "excluded_lines": []}, "Analytics.should_send_weekly_report": {"executed_lines": [], "summary": {"covered_lines": 0, "num_statements": 5, "percent_covered": 0.0, "percent_covered_display": "0", "missing_lines": 5, "excluded_lines": 0, "percent_statements_covered": 0.0, "percent_statements_covered_display": "0"}, "missing_lines": [230, 231, 233, 234, 236], "excluded_lines": []}, "Analytics.mark_report_sent": {"executed_lines": [], "summary": {"covered_lines": 0, "num_statements": 2, "percent_covered": 0.0, "percent_covered_display": "0", "missing_lines": 2, "excluded_lines": 0, "percent_statements_covered": 0.0, "percent_statements_covered_display": "0"}, "missing_lines": [240, 241], "excluded_lines": []}, "": {"executed_lines": [1, 5, 6, 7, 8, 9, 10, 13, 14, 16, 21, 32, 42, 50, 60, 70, 80, 89, 142, 228, 238], "summary": {"covered_lines": 19, "num_statements": 19, "percent_covered": 100.0, "percent_covered_display": "100", "missing_lines": 0, "excluded_lines": 0, "percent_statements_covered": 100.0, "percent_statements_covered_display": "100"}, "missing_lines": [], "excluded_lines": []}}, "classes": {"Analytics": {"executed_lines": [], "summary": {"covered_lines": 0, "num_statements": 64, "percent_covered": 0.0, "percent_covered_display": "0", "missing_lines": 64, "excluded_lines": 0, "percent_statements_covered": 0.0, "percent_statements_covered_display": "0"}, "missing_lines": [18, 19, 23, 24, 25, 26, 27, 28, 29, 30, 34, 44, 45, 46, 47, 48, 52, 58, 62, 68, 72, 78, 82, 87, 96, 99, 103, 107, 111, 117, 118, 119, 120, 122, 126, 131, 152, 155, 158, 159, 161, 162, 163, 165, 166, 169, 186, 187, 189, 196, 197, 205, 211, 212, 217, 219, 226, 230, 231, 233, 234, 236, 240, 241], "excluded_lines": []}, "": {"executed_lines": [1, 5, 6, 7, 8, 9, 10, 13, 14, 16, 21, 32, 42, 50, 60, 70, 80, 89, 142, 228, 238], "summary": {"covered_lines": 19, "num_statements": 19, "percent_covered": 100.0, "percent_covered_display": "100", "missing_lines": 0, "excluded_lines": 0, "percent_statements_covered": 100.0, "percent_statements_covered_display": "100"}, "missing_lines": [], "excluded_lines": []}}}, "src/backup.py": {"executed_lines": [1, 5, 6, 7, 8, 9, 10, 13, 14, 20, 27, 28, 30, 32, 33, 35, 36, 37, 38, 46, 58, 59, 60, 62, 63, 64, 66, 67, 70, 72, 73, 74, 77, 87, 88, 89, 90, 92, 98, 104, 115, 117, 118, 119, 121, 122, 123, 125, 126, 127, 129, 131, 132, 135, 137, 138, 139, 140, 142, 147, 153, 164, 165, 167, 168, 169, 170, 171, 172, 177, 181, 185, 195, 196, 198, 199, 200, 201, 202, 203, 205, 206, 211, 213, 237, 254], "summary": {"covered_lines": 84, "num_statements": 121, "percent_covered": 69.42148760330579, "percent_covered_display": "69", "missing_lines": 37, "excluded_lines": 0, "percent_statements_covered": 69.42148760330579, "percent_statements_covered_display": "69"}, "missing_lines": [39, 40, 42, 43, 44, 100, 101, 102, 149, 150, 151, 174, 175, 208, 209, 223, 224, 225, 227, 231, 233, 234, 235, 247, 248, 250, 251, 252, 261, 263, 266, 267, 268, 269, 270, 271, 273], "excluded_lines": [], "functions": {"NotionBackup.__init__": {"executed_lines": [27, 28], "summary": {"covered_lines": 2, "num_statements": 2, "percent_covered": 100.0, "percent_covered_display": "100", "missing_lines": 0, "excluded_lines": 0, "percent_statements_covered": 100.0, "percent_statements_covered_display": "100"}, "missing_lines": [], "excluded_lines": []}, "NotionBackup._ensure_backup_dir": {"executed_lines": [32, 33, 35, 36, 37, 38], "summary": {"covered_lines": 6, "num_statements": 11, "percent_covered": 54.54545454545455, "percent_covered_display": "55", "missing_lines": 5, "excluded_lines": 0, "percent_statements_covered": 54.54545454545455, "percent_statements_covered_display": "55"}, "missing_lines": [39, 40, 42, 43, 44], "excluded_lines": []}, "NotionBackup.backup_database": {"executed_lines": [58, 59, 60, 62, 63, 64, 66, 67, 70, 72, 73, 74, 77, 87, 88, 89, 90, 92, 98], "summary": {"covered_lines": 19, "num_statements": 22, "percent_covered": 86.36363636363636, "percent_covered_display": "86", "missing_lines": 3, "excluded_lines": 0, "percent_statements_covered": 86.36363636363636, "percent_statements_covered_display": "86"}, "missing_lines": [100, 101, 102], "excluded_lines": []}, "NotionBackup._query_all_pages": {"executed_lines": [115, 117, 118, 119, 121, 122, 123, 125, 126, 127, 129, 131, 132, 135, 137, 138, 139, 140, 142, 147], "summary": {"covered_lines": 20, "num_statements": 23, "percent_covered": 86.95652173913044, "percent_covered_display": "87", "missing_lines": 3, "excluded_lines": 0, "percent_statements_covered": 86.95652173913044, "percent_statements_covered_display": "87"}, "missing_lines": [149, 150, 151], "excluded_lines": []}, "NotionBackup.backup_all": {"executed_lines": [164, 165, 167, 168, 169, 170, 171, 172, 177, 181], "summary": {"covered_lines": 10, "num_statements": 12, "percent_covered": 83.33333333333333, "percent_covered_display": "83", "missing_lines": 2, "excluded_lines": 0, "percent_statements_covered": 83.33333333333333, "percent_statements_covered_display": "83"}, "missing_lines": [174, 175], "excluded_lines": []}, "NotionBackup.cleanup_old_backups": {"executed_lines": [195, 196, 198, 199, 200, 201, 202, 203, 205, 206, 211], "summary": {"covered_lines": 11, "num_statements": 13, "percent_covered": 84.61538461538461, "percent_covered_display": "85", "missing_lines": 2, "excluded_lines": 0, "percent_statements_covered": 84.61538461538461, "percent_statements_covered_display": "85"}, "missing_lines": [208, 209], "excluded_lines": []}, "NotionBackup.restore_database": {"executed_lines": [], "summary": {"covered_lines": 0, "num_statements": 8, "percent_covered": 0.0, "percent_covered_display": "0", "missing_lines": 8, "excluded_lines": 0, "percent_statements_covered": 0.0, "percent_statements_covered_display": "0"}, "missing_lines": [223, 224, 225, 227, 231, 233, 234, 235], "excluded_lines": []}, "NotionBackup.get_latest_backup": {"executed_lines": [], "summary": {"covered_lines": 0, "num_statements": 5, "percent_covered": 0.0, "percent_covered_display": "0", "missing_lines": 5, "excluded_lines": 0, "percent_statements_covered": 0.0, "percent_statements_covered_display": "0"}, "missing_lines": [247, 248, 250, 251, 252], "excluded_lines": []}, "NotionBackup.get_backup_stats": {"executed_lines": [], "summary": {"covered_lines": 0, "num_statements": 9, "percent_covered": 0.0, "percent_covered_display": "0", "missing_lines": 9, "excluded_lines": 0, "percent_statements_covered": 0.0, "percent_statements_covered_display": "0"}, "missing_lines": [261, 263, 266, 267, 268, 269, 270, 271, 273], "excluded_lines": []}, "": {"executed_lines": [1, 5, 6, 7, 8, 9, 10, 13, 14, 20, 30, 46, 104, 153, 185, 213, 237, 254], "summary": {"covered_lines": 16, "num_statements": 16, "percent_covered": 100.0, "percent_covered_display": "100", "missing_lines": 0, "excluded_lines": 0, "percent_statements_covered": 100.0, "percent_statements_covered_display": "100"}, "missing_lines": [], "excluded_lines": []}}, "classes": {"NotionBackup": {"executed_lines": [27, 28, 32, 33, 35, 36, 37, 38, 58, 59, 60, 62, 63, 64, 66, 67, 70, 72, 73, 74, 77, 87, 88, 89, 90, 92, 98, 115, 117, 118, 119, 121, 122, 123, 125, 126, 127, 129, 131, 132, 135, 137, 138, 139, 140, 142, 147, 164, 165, 167, 168, 169, 170, 171, 172, 177, 181, 195, 196, 198, 199, 200, 201, 202, 203, 205, 206, 211], "summary": {"covered_lines": 68, "num_statements": 105, "percent_covered": 64.76190476190476, "percent_covered_display": "65", "missing_lines": 37, "excluded_lines": 0, "percent_statements_covered": 64.76190476190476, "percent_statements_covered_display": "65"}, "missing_lines": [39, 40, 42, 43, 44, 100, 101, 102, 149, 150, 151, 174, 175, 208, 209, 223, 224, 225, 227, 231, 233, 234, 235, 247, 248, 250, 251, 252, 261, 263, 266, 267, 268, 269, 270, 271, 273], "excluded_lines": []}, "": {"executed_lines": [1, 5, 6, 7, 8, 9, 10, 13, 14, 20, 30, 46, 104, 153, 185, 213, 237, 254], "summary": {"covered_lines": 16, "num_statements": 16, "percent_covered": 100.0, "percent_covered_display": "100", "missing_lines": 0, "excluded_lines": 0, "percent_statements_covered": 100.0, "percent_statements_covered_display": "100"}, "missing_lines": [], "excluded_lines": []}}}, "src/cache.py": {"executed_lines": [1, 10, 11, 12, 13, 14, 17, 18, 20, 25, 37, 45, 71, 86, 103], "summary": {"covered_lines": 13, "num_statements": 67, "percent_covered": 19.402985074626866, "percent_covered_display": "19", "missing_lines": 54, "excluded_lines": 0, "percent_statements_covered": 19.402985074626866, "percent_statements_covered_display": "19"}, "missing_lines": [21, 22, 23, 27, 28, 30, 31, 32, 33, 34, 35, 39, 40, 41, 42, 43, 55, 56, 58, 59, 60, 62, 63, 64, 65, 66, 68, 69, 79, 83, 84, 88, 89, 91, 92, 93, 95, 96, 97, 99, 100, 101, 105, 106, 114, 115, 116, 118, 119, 120, 121, 123, 124, 126], "excluded_lines": [], "functions": {"MarketCapCache.__init__": {"executed_lines": [], "summary": {"covered_lines": 0, "num_statements": 3, "percent_covered": 0.0, "percent_covered_display": "0", "missing_lines": 3, "excluded_lines": 0, "percent_statements_covered": 0.0, "percent_statements_covered_display": "0"}, "missing_lines": [21, 22, 23], "excluded_lines": []}, "MarketCapCache._load_cache": {"executed_lines": [], "summary": {"covered_lines": 0, "num_statements": 8, "percent_covered": 0.0, "percent_covered_display": "0", "missing_lines": 8, "excluded_lines": 0, "percent_statements_covered": 0.0, "percent_statements_covered_display": "0"}, "missing_lines": [27, 28, 30, 31, 32, 33, 34, 35], "excluded_lines": []}, "MarketCapCache._save_cache": {"executed_lines": [], "summary": {"covered_lines": 0, "num_statements": 5, "percent_covered": 0.0, "percent_covered_display": "0", "missing_lines": 5, "excluded_lines": 0, "percent_statements_covered": 0.0, "percent_statements_covered_display": "0"}, "missing_lines": [39, 40, 41, 42, 43], "excluded_lines": []}, "MarketCapCache.get": {"executed_lines": [], "summary": {"covered_lines": 0, "num_statements": 12, "percent_covered": 0.0, "percent_covered_display": "0", "missing_lines": 12, "excluded_lines": 0, "percent_statements_covered": 0.0, "percent_statements_covered_display": "0"}, "missing_lines": [55, 56, 58, 59, 60, 62, 63, 64, 65, 66, 68, 69], "excluded_lines": []}, "MarketCapCache.set": {"executed_lines": [], "summary": {"covered_lines": 0, "num_statements": 3, "percent_covered": 0.0, "percent_covered_display": "0", "missing_lines": 3, "excluded_lines": 0, "percent_statements_covered": 0.0, "percent_statements_covered_display": "0"}, "missing_lines": [79, 83, 84], "excluded_lines": []}, "MarketCapCache.clear_expired": {"executed_lines": [], "summary": {"covered_lines": 0, "num_statements": 11, "percent_covered": 0.0, "percent_covered_display": "0", "missing_lines": 11, "excluded_lines": 0, "percent_statements_covered": 0.0, "percent_statements_covered_display": "0"}, "missing_lines": [88, 89, 91, 92, 93, 95, 96, 97, 99, 100, 101], "excluded_lines": []}, "MarketCapCache.get_stats": {"executed_lines": [], "summary": {"covered_lines": 0, "num_statements": 12, "percent_covered": 0.0, "percent_covered_display": "0", "missing_lines": 12, "excluded_lines": 0, "percent_statements_covered": 0.0, "percent_statements_covered_display": "0"}, "missing_lines": [105, 106, 114, 115, 116, 118, 119, 120, 121, 123, 124, 126], "excluded_lines": []}, "": {"executed_lines": [1, 10, 11, 12, 13, 14, 17, 18, 20, 25, 37, 45, 71, 86, 103], "summary": {"covered_lines": 13, "num_statements": 13, "percent_covered": 100.0, "percent_covered_display": "100", "missing_lines": 0, "excluded_lines": 0, "percent_statements_covered": 100.0, "percent_statements_covered_display": "100"}, "missing_lines": [], "excluded_lines": []}}, "classes": {"MarketCapCache": {"executed_lines": [], "summary": {"covered_lines": 0, "num_statements": 54, "percent_covered": 0.0, "percent_covered_display": "0", "missing_lines": 54, "excluded_lines": 0, "percent_statements_covered": 0.0, "percent_statements_covered_display": "0"}, "missing_lines": [21, 22, 23, 27, 28, 30, 31, 32, 33, 34, 35, 39, 40, 41, 42, 43, 55, 56, 58, 59, 60, 62, 63, 64, 65, 66, 68, 69, 79, 83, 84, 88, 89, 91, 92, 93, 95, 96, 97, 99, 100, 101, 105, 106, 114, 115, 116, 118, 119, 120, 121, 123, 124, 126], "excluded_lines": []}, "": {"executed_lines": [1, 10, 11, 12, 13, 14, 17, 18, 20, 25, 37, 45, 71, 86, 103], "summary": {"covered_lines": 13, "num_statements": 13, "percent_covered": 100.0, "percent_covered_display": "100", "missing_lines": 0, "excluded_lines": 0, "percent_statements_covered": 100.0, "percent_statements_covered_display": "100"}, "missing_lines": [], "excluded_lines": []}}}, "src/cli.py": {"executed_lines": [1, 7, 8, 10, 11, 14, 16, 28, 34, 42, 48, 54, 60, 63, 82, 83, 85, 87, 90, 91, 92, 93, 94, 95, 96, 97, 100, 101, 102, 103, 104, 105, 106, 107, 110, 111, 113, 114, 115, 116, 118, 119, 120, 121, 123, 124, 127, 128, 130, 131, 132, 134, 135, 136, 137, 141], "summary": {"covered_lines": 55, "num_statements": 57, "percent_covered": 96.49122807017544, "percent_covered_display": "96", "missing_lines": 2, "excluded_lines": 0, "percent_statements_covered": 96.49122807017544, "percent_statements_covered_display": "96"}, "missing_lines": [148, 150], "excluded_lines": [], "functions": {"create_parser": {"executed_lines": [16, 28, 34, 42, 48, 54, 60], "summary": {"covered_lines": 7, "num_statements": 7, "percent_covered": 100.0, "percent_covered_display": "100", "missing_lines": 0, "excluded_lines": 0, "percent_statements_covered": 100.0, "percent_statements_covered_display": "100"}, "missing_lines": [], "excluded_lines": []}, "run_cli": {"executed_lines": [82, 83, 85, 87, 90, 91, 92, 93, 94, 95, 96, 97, 100, 101, 102, 103, 104, 105, 106, 107, 110, 111, 113, 114, 115, 116, 118, 119, 120, 121, 123, 124, 127, 128, 130, 131, 132, 134, 135, 136, 137], "summary": {"covered_lines": 41, "num_statements": 41, "percent_covered": 100.0, "percent_covered_display": "100", "missing_lines": 0, "excluded_lines": 0, "percent_statements_covered": 100.0, "percent_statements_covered_display": "100"}, "missing_lines": [], "excluded_lines": []}, "main": {"executed_lines": [], "summary": {"covered_lines": 0, "num_statements": 2, "percent_covered": 0.0, "percent_covered_display": "0", "missing_lines": 2, "excluded_lines": 0, "percent_statements_covered": 0.0, "percent_statements_covered_display": "0"}, "missing_lines": [148, 150], "excluded_lines": []}, "": {"executed_lines": [1, 7, 8, 10, 11, 14, 63, 141], "summary": {"covered_lines": 7, "num_statements": 7, "percent_covered": 100.0, "percent_covered_display": "100", "missing_lines": 0, "excluded_lines": 0, "percent_statements_covered": 100.0, "percent_statements_covered_display": "100"}, "missing_lines": [], "excluded_lines": []}}, "classes": {"": {"executed_lines": [1, 7, 8, 10, 11, 14, 16, 28, 34, 42, 48, 54, 60, 63, 82, 83, 85, 87, 90, 91, 92, 93, 94, 95, 96, 97, 100, 101, 102, 103, 104, 105, 106, 107, 110, 111, 113, 114, 115, 116, 118, 119, 120, 121, 123, 124, 127, 128, 130, 131, 132, 134, 135, 136, 137, 141], "summary": {"covered_lines": 55, "num_statements": 57, "percent_covered": 96.49122807017544, "percent_covered_display": "96", "missing_lines": 2, "excluded_lines": 0, "percent_statements_covered": 96.49122807017544, "percent_statements_covered_display": "96"}, "missing_lines": [148, 150], "excluded_lines": []}}}, "src/config.py": {"executed_lines": [1, 2, 3, 4, 5, 6, 7, 9, 12, 13, 14, 16, 17, 18, 19, 20, 21, 24, 25, 26, 27, 28, 30, 31, 32, 34, 35, 36, 39, 40, 43, 44, 45, 47, 48, 49, 57, 58, 59, 60, 63, 64, 65, 66, 67, 68, 70, 71, 72, 73, 74, 75, 78, 79, 80, 81, 82, 83, 85, 86, 87, 88, 89, 91, 92, 93, 94, 97, 98, 99, 100, 101, 103, 104, 105, 106, 107, 109, 111, 114, 115, 116, 117], "summary": {"covered_lines": 82, "num_statements": 91, "percent_covered": 90.10989010989012, "percent_covered_display": "90", "missing_lines": 9, "excluded_lines": 0, "percent_statements_covered": 90.10989010989012, "percent_statements_covered_display": "90"}, "missing_lines": [50, 51, 52, 53, 54, 102, 108, 110, 112], "excluded_lines": [], "functions": {"TelegramConfig.not_placeholder": {"executed_lines": [19, 20, 21], "summary": {"covered_lines": 3, "num_statements": 3, "percent_covered": 100.0, "percent_covered_display": "100", "missing_lines": 0, "excluded_lines": 0, "percent_statements_covered": 100.0, "percent_statements_covered_display": "100"}, "missing_lines": [], "excluded_lines": []}, "APIConfig.validate_provider": {"executed_lines": [34, 35, 36], "summary": {"covered_lines": 3, "num_statements": 3, "percent_covered": 100.0, "percent_covered_display": "100", "missing_lines": 0, "excluded_lines": 0, "percent_statements_covered": 100.0, "percent_statements_covered_display": "100"}, "missing_lines": [], "excluded_lines": []}, "ScreenConfig.validate_region": {"executed_lines": [], "summary": {"covered_lines": 0, "num_statements": 5, "percent_covered": 0.0, "percent_covered_display": "0", "missing_lines": 5, "excluded_lines": 0, "percent_statements_covered": 0.0, "percent_statements_covered_display": "0"}, "missing_lines": [50, 51, 52, 53, 54], "excluded_lines": []}, "NotionConfig.not_placeholder": {"executed_lines": [73, 74, 75], "summary": {"covered_lines": 3, "num_statements": 3, "percent_covered": 100.0, "percent_covered_display": "100", "missing_lines": 0, "excluded_lines": 0, "percent_statements_covered": 100.0, "percent_statements_covered_display": "100"}, "missing_lines": [], "excluded_lines": []}, "Config.load": {"executed_lines": [87, 88, 89, 91, 92, 93, 94, 97, 98, 99, 100, 101, 103, 104, 105, 106, 107, 109, 111, 114, 115, 116, 117], "summary": {"covered_lines": 23, "num_statements": 27, "percent_covered": 85.18518518518519, "percent_covered_display": "85", "missing_lines": 4, "excluded_lines": 0, "percent_statements_covered": 85.18518518518519, "percent_statements_covered_display": "85"}, "missing_lines": [102, 108, 110, 112], "excluded_lines": []}, "": {"executed_lines": [1, 2, 3, 4, 5, 6, 7, 9, 12, 13, 14, 16, 17, 18, 24, 25, 26, 27, 28, 30, 31, 32, 39, 40, 43, 44, 45, 47, 48, 49, 57, 58, 59, 60, 63, 64, 65, 66, 67, 68, 70, 71, 72, 78, 79, 80, 81, 82, 83, 85, 86], "summary": {"covered_lines": 50, "num_statements": 50, "percent_covered": 100.0, "percent_covered_display": "100", "missing_lines": 0, "excluded_lines": 0, "percent_statements_covered": 100.0, "percent_statements_covered_display": "100"}, "missing_lines": [], "excluded_lines": []}}, "classes": {"TelegramConfig": {"executed_lines": [19, 20, 21], "summary": {"covered_lines": 3, "num_statements": 3, "percent_covered": 100.0, "percent_covered_display": "100", "missing_lines": 0, "excluded_lines": 0, "percent_statements_covered": 100.0, "percent_statements_covered_display": "100"}, "missing_lines": [], "excluded_lines": []}, "APIConfig": {"executed_lines": [34, 35, 36], "summary": {"covered_lines": 3, "num_statements": 3, "percent_covered": 100.0, "percent_covered_display": "100", "missing_lines": 0, "excluded_lines": 0, "percent_statements_covered": 100.0, "percent_statements_covered_display": "100"}, "missing_lines": [], "excluded_lines": []}, "DataConfig": {"executed_lines": [], "summary": {"covered_lines": 0, "num_statements": 0, "percent_covered": 100.0, "percent_covered_display": "100", "missing_lines": 0, "excluded_lines": 0, "percent_statements_covered": 100.0, "percent_statements_covered_display": "100"}, "missing_lines": [], "excluded_lines": []}, "ScreenConfig": {"executed_lines": [], "summary": {"covered_lines": 0, "num_statements": 5, "percent_covered": 0.0, "percent_covered_display": "0", "missing_lines": 5, "excluded_lines": 0, "percent_statements_covered": 0.0, "percent_statements_covered_display": "0"}, "missing_lines": [50, 51, 52, 53, 54], "excluded_lines": []}, "TesseractConfig": {"executed_lines": [], "summary": {"covered_lines": 0, "num_statements": 0, "percent_covered": 100.0, "percent_covered_display": "100", "missing_lines": 0, "excluded_lines": 0, "percent_statements_covered": 100.0, "percent_statements_covered_display": "100"}, "missing_lines": [], "excluded_lines": []}, "NotionConfig": {"executed_lines": [73, 74, 75], "summary": {"covered_lines": 3, "num_statements": 3, "percent_covered": 100.0, "percent_covered_display": "100", "missing_lines": 0, "excluded_lines": 0, "percent_statements_covered": 100.0, "percent_statements_covered_display": "100"}, "missing_lines": [], "excluded_lines": []}, "Config": {"executed_lines": [87, 88, 89, 91, 92, 93, 94, 97, 98, 99, 100, 101, 103, 104, 105, 106, 107, 109, 111, 114, 115, 116, 117], "summary": {"covered_lines": 23, "num_statements": 27, "percent_covered": 85.18518518518519, "percent_covered_display": "85", "missing_lines": 4, "excluded_lines": 0, "percent_statements_covered": 85.18518518518519, "percent_statements_covered_display": "85"}, "missing_lines": [102, 108, 110, 112], "excluded_lines": []}, "": {"executed_lines": [1, 2, 3, 4, 5, 6, 7, 9, 12, 13, 14, 16, 17, 18, 24, 25, 26, 27, 28, 30, 31, 32, 39, 40, 43, 44, 45, 47, 48, 49, 57, 58, 59, 60, 63, 64, 65, 66, 67, 68, 70, 71, 72, 78, 79, 80, 81, 82, 83, 85, 86], "summary": {"covered_lines": 50, "num_statements": 50, "percent_covered": 100.0, "percent_covered_display": "100", "missing_lines": 0, "excluded_lines": 0, "percent_statements_covered": 100.0, "percent_statements_covered_display": "100"}, "missing_lines": [], "excluded_lines": []}}}, "src/constants.py": {"executed_lines": [1, 9, 10, 11, 12, 13, 14, 15, 16, 22, 23, 24, 25, 31, 37, 38, 39, 40, 41, 42, 48, 49, 50, 51, 52, 58, 59, 65, 66, 67, 68, 69, 70, 76, 82, 83, 89, 90], "summary": {"covered_lines": 37, "num_statements": 37, "percent_covered": 100.0, "percent_covered_display": "100", "missing_lines": 0, "excluded_lines": 0, "percent_statements_covered": 100.0, "percent_statements_covered_display": "100"}, "missing_lines": [], "excluded_lines": [], "functions": {"": {"executed_lines": [1, 9, 10, 11, 12, 13, 14, 15, 16, 22, 23, 24, 25, 31, 37, 38, 39, 40, 41, 42, 48, 49, 50, 51, 52, 58, 59, 65, 66, 67, 68, 69, 70, 76, 82, 83, 89, 90], "summary": {"covered_lines": 37, "num_statements": 37, "percent_covered": 100.0, "percent_covered_display": "100", "missing_lines": 0, "excluded_lines": 0, "percent_statements_covered": 100.0, "percent_statements_covered_display": "100"}, "missing_lines": [], "excluded_lines": []}}, "classes": {"": {"executed_lines": [1, 9, 10, 11, 12, 13, 14, 15, 16, 22, 23, 24, 25, 31, 37, 38, 39, 40, 41, 42, 48, 49, 50, 51, 52, 58, 59, 65, 66, 67, 68, 69, 70, 76, 82, 83, 89, 90], "summary": {"covered_lines": 37, "num_statements": 37, "percent_covered": 100.0, "percent_covered_display": "100", "missing_lines": 0, "excluded_lines": 0, "percent_statements_covered": 100.0, "percent_statements_covered_display": "100"}, "missing_lines": [], "excluded_lines": []}}}, "src/data_source_alpha_vantage.py": {"executed_lines": [1, 7], "summary": {"covered_lines": 1, "num_statements": 50, "percent_covered": 2.0, "percent_covered_display": "2", "missing_lines": 49, "excluded_lines": 0, "percent_statements_covered": 2.0, "percent_statements_covered_display": "2"}, "missing_lines": [8, 9, 10, 11, 14, 17, 24, 25, 27, 28, 29, 31, 43, 44, 47, 49, 50, 51, 54, 57, 66, 69, 70, 72, 73, 75, 76, 77, 79, 89, 90, 91, 92, 93, 94, 95, 96, 100, 103, 115, 116, 118, 121, 133, 134, 135, 137, 139, 141], "excluded_lines": [], "functions": {"AlphaVantageSource.__init__": {"executed_lines": [], "summary": {"covered_lines": 0, "num_statements": 5, "percent_covered": 0.0, "percent_covered_display": "0", "missing_lines": 5, "excluded_lines": 0, "percent_statements_covered": 0.0, "percent_statements_covered_display": "0"}, "missing_lines": [24, 25, 27, 28, 29], "excluded_lines": []}, "AlphaVantageSource.daily_ohlc": {"executed_lines": [], "summary": {"covered_lines": 0, "num_statements": 16, "percent_covered": 0.0, "percent_covered_display": "0", "missing_lines": 16, "excluded_lines": 0, "percent_statements_covered": 0.0, "percent_statements_covered_display": "0"}, "missing_lines": [43, 44, 47, 49, 50, 51, 54, 57, 66, 69, 70, 72, 73, 75, 76, 77], "excluded_lines": []}, "AlphaVantageSource.get_latest_price": {"executed_lines": [], "summary": {"covered_lines": 0, "num_statements": 8, "percent_covered": 0.0, "percent_covered_display": "0", "missing_lines": 8, "excluded_lines": 0, "percent_statements_covered": 0.0, "percent_statements_covered_display": "0"}, "missing_lines": [89, 90, 91, 92, 93, 94, 95, 96], "excluded_lines": []}, "get_alpha_vantage": {"executed_lines": [], "summary": {"covered_lines": 0, "num_statements": 3, "percent_covered": 0.0, "percent_covered_display": "0", "missing_lines": 3, "excluded_lines": 0, "percent_statements_covered": 0.0, "percent_statements_covered_display": "0"}, "missing_lines": [115, 116, 118], "excluded_lines": []}, "alpha_vantage_ohlc": {"executed_lines": [], "summary": {"covered_lines": 0, "num_statements": 6, "percent_covered": 0.0, "percent_covered_display": "0", "missing_lines": 6, "excluded_lines": 0, "percent_statements_covered": 0.0, "percent_statements_covered_display": "0"}, "missing_lines": [133, 134, 135, 137, 139, 141], "excluded_lines": []}, "": {"executed_lines": [1, 7], "summary": {"covered_lines": 1, "num_statements": 12, "percent_covered": 8.333333333333334, "percent_covered_display": "8", "missing_lines": 11, "excluded_lines": 0, "percent_statements_covered": 8.333333333333334, "percent_statements_covered_display": "8"}, "missing_lines": [8, 9, 10, 11, 14, 17, 31, 79, 100, 103, 121], "excluded_lines": []}}, "classes": {"AlphaVantageSource": {"executed_lines": [], "summary": {"covered_lines": 0, "num_statements": 29, "percent_covered": 0.0, "percent_covered_display": "0", "missing_lines": 29, "excluded_lines": 0, "percent_statements_covered": 0.0, "percent_statements_covered_display": "0"}, "missing_lines": [24, 25, 27, 28, 29, 43, 44, 47, 49, 50, 51, 54, 57, 66, 69, 70, 72, 73, 75, 76, 77, 89, 90, 91, 92, 93, 94, 95, 96], "excluded_lines": []}, "": {"executed_lines": [1, 7], "summary": {"covered_lines": 1, "num_statements": 21, "percent_covered": 4.761904761904762, "percent_covered_display": "5", "missing_lines": 20, "excluded_lines": 0, "percent_statements_covered": 4.761904761904762, "percent_statements_covered_display": "5"}, "missing_lines": [8, 9, 10, 11, 14, 17, 31, 79, 100, 103, 115, 116, 118, 121, 133, 134, 135, 137, 139, 141], "excluded_lines": []}}}, "src/data_source_yfinance.py": {"executed_lines": [1, 5, 6, 7, 8, 9, 10, 13, 25, 27, 29, 32, 33, 36, 37, 39, 40, 41, 58, 59, 60, 63], "summary": {"covered_lines": 21, "num_statements": 52, "percent_covered": 40.38461538461539, "percent_covered_display": "40", "missing_lines": 31, "excluded_lines": 0, "percent_statements_covered": 40.38461538461539, "percent_statements_covered_display": "40"}, "missing_lines": [44, 45, 46, 49, 51, 52, 53, 55, 56, 75, 77, 79, 82, 83, 86, 87, 89, 90, 91, 94, 95, 96, 99, 101, 102, 103, 105, 106, 108, 109, 110], "excluded_lines": [], "functions": {"daily_ohlc": {"executed_lines": [25, 27, 29, 32, 33, 36, 37, 39, 40, 41, 58, 59, 60], "summary": {"covered_lines": 13, "num_statements": 22, "percent_covered": 59.09090909090909, "percent_covered_display": "59", "missing_lines": 9, "excluded_lines": 0, "percent_statements_covered": 59.09090909090909, "percent_statements_covered_display": "59"}, "missing_lines": [44, 45, 46, 49, 51, 52, 53, 55, 56], "excluded_lines": []}, "weekly_ohlc": {"executed_lines": [], "summary": {"covered_lines": 0, "num_statements": 22, "percent_covered": 0.0, "percent_covered_display": "0", "missing_lines": 22, "excluded_lines": 0, "percent_statements_covered": 0.0, "percent_statements_covered_display": "0"}, "missing_lines": [75, 77, 79, 82, 83, 86, 87, 89, 90, 91, 94, 95, 96, 99, 101, 102, 103, 105, 106, 108, 109, 110], "excluded_lines": []}, "": {"executed_lines": [1, 5, 6, 7, 8, 9, 10, 13, 63], "summary": {"covered_lines": 8, "num_statements": 8, "percent_covered": 100.0, "percent_covered_display": "100", "missing_lines": 0, "excluded_lines": 0, "percent_statements_covered": 100.0, "percent_statements_covered_display": "100"}, "missing_lines": [], "excluded_lines": []}}, "classes": {"": {"executed_lines": [1, 5, 6, 7, 8, 9, 10, 13, 25, 27, 29, 32, 33, 36, 37, 39, 40, 41, 58, 59, 60, 63], "summary": {"covered_lines": 21, "num_statements": 52, "percent_covered": 40.38461538461539, "percent_covered_display": "40", "missing_lines": 31, "excluded_lines": 0, "percent_statements_covered": 40.38461538461539, "percent_statements_covered_display": "40"}, "missing_lines": [44, 45, 46, 49, 51, 52, 53, 55, 56, 75, 77, 79, 82, 83, 86, 87, 89, 90, 91, 94, 95, 96, 99, 101, 102, 103, 105, 106, 108, 109, 110], "excluded_lines": []}}}, "src/exceptions.py": {"executed_lines": [1, 3, 6, 7, 15, 17, 18, 19, 20, 22, 24, 25, 28, 30, 33, 34, 41, 44, 45, 53, 56, 57, 65, 68, 69, 77, 80, 81, 88, 91, 92, 99], "summary": {"covered_lines": 24, "num_statements": 27, "percent_covered": 88.88888888888889, "percent_covered_display": "89", "missing_lines": 3, "excluded_lines": 0, "percent_statements_covered": 88.88888888888889, "percent_statements_covered_display": "89"}, "missing_lines": [26, 27, 29], "excluded_lines": [], "functions": {"TVScreenerError.__init__": {"executed_lines": [17, 18, 19, 20], "summary": {"covered_lines": 4, "num_statements": 4, "percent_covered": 100.0, "percent_covered_display": "100", "missing_lines": 0, "excluded_lines": 0, "percent_statements_covered": 100.0, "percent_statements_covered_display": "100"}, "missing_lines": [], "excluded_lines": []}, "TVScreenerError._format_message": {"executed_lines": [24, 25, 28, 30], "summary": {"covered_lines": 4, "num_statements": 7, "percent_covered": 57.142857142857146, "percent_covered_display": "57", "missing_lines": 3, "excluded_lines": 0, "percent_statements_covered": 57.142857142857146, "percent_statements_covered_display": "57"}, "missing_lines": [26, 27, 29], "excluded_lines": []}, "": {"executed_lines": [1, 3, 6, 7, 15, 22, 33, 34, 41, 44, 45, 53, 56, 57, 65, 68, 69, 77, 80, 81, 88, 91, 92, 99], "summary": {"covered_lines": 16, "num_statements": 16, "percent_covered": 100.0, "percent_covered_display": "100", "missing_lines": 0, "excluded_lines": 0, "percent_statements_covered": 100.0, "percent_statements_covered_display": "100"}, "missing_lines": [], "excluded_lines": []}}, "classes": {"TVScreenerError": {"executed_lines": [17, 18, 19, 20, 24, 25, 28, 30], "summary": {"covered_lines": 8, "num_statements": 11, "percent_covered": 72.72727272727273, "percent_covered_display": "73", "missing_lines": 3, "excluded_lines": 0, "percent_statements_covered": 72.72727272727273, "percent_statements_covered_display": "73"}, "missing_lines": [26, 27, 29], "excluded_lines": []}, "OCRError": {"executed_lines": [], "summary": {"covered_lines": 0, "num_statements": 0, "percent_covered": 100.0, "percent_covered_display": "100", "missing_lines": 0, "excluded_lines": 0, "percent_statements_covered": 100.0, "percent_statements_covered_display": "100"}, "missing_lines": [], "excluded_lines": []}, "DataSourceError": {"executed_lines": [], "summary": {"covered_lines": 0, "num_statements": 0, "percent_covered": 100.0, "percent_covered_display": "100", "missing_lines": 0, "excluded_lines": 0, "percent_statements_covered": 100.0, "percent_statements_covered_display": "100"}, "missing_lines": [], "excluded_lines": []}, "TelegramError": {"executed_lines": [], "summary": {"covered_lines": 0, "num_statements": 0, "percent_covered": 100.0, "percent_covered_display": "100", "missing_lines": 0, "excluded_lines": 0, "percent_statements_covered": 100.0, "percent_statements_covered_display": "100"}, "missing_lines": [], "excluded_lines": []}, "ConfigError": {"executed_lines": [], "summary": {"covered_lines": 0, "num_statements": 0, "percent_covered": 100.0, "percent_covered_display": "100", "missing_lines": 0, "excluded_lines": 0, "percent_statements_covered": 100.0, "percent_statements_covered_display": "100"}, "missing_lines": [], "excluded_lines": []}, "ValidationError": {"executed_lines": [], "summary": {"covered_lines": 0, "num_statements": 0, "percent_covered": 100.0, "percent_covered_display": "100", "missing_lines": 0, "excluded_lines": 0, "percent_statements_covered": 100.0, "percent_statements_covered_display": "100"}, "missing_lines": [], "excluded_lines": []}, "WatchlistError": {"executed_lines": [], "summary": {"covered_lines": 0, "num_statements": 0, "percent_covered": 100.0, "percent_covered_display": "100", "missing_lines": 0, "excluded_lines": 0, "percent_statements_covered": 100.0, "percent_statements_covered_display": "100"}, "missing_lines": [], "excluded_lines": []}, "": {"executed_lines": [1, 3, 6, 7, 15, 22, 33, 34, 41, 44, 45, 53, 56, 57, 65, 68, 69, 77, 80, 81, 88, 91, 92, 99], "summary": {"covered_lines": 16, "num_statements": 16, "percent_covered": 100.0, "percent_covered_display": "100", "missing_lines": 0, "excluded_lines": 0, "percent_statements_covered": 100.0, "percent_statements_covered_display": "100"}, "missing_lines": [], "excluded_lines": []}}}, "src/filters.py": {"executed_lines": [1, 10, 12, 13, 14, 23, 24, 27, 28, 29, 30, 37, 68, 69, 73, 80, 82, 83, 84, 87, 88, 89, 91, 92, 93, 94, 95, 98, 105, 106, 107, 109, 112, 113, 114, 116, 117, 118, 121, 122, 123, 125, 126, 128, 159, 175, 176, 177, 178, 181, 182, 185, 188, 190, 191, 198, 209, 228, 229, 232, 234, 235, 236, 239, 242, 244, 245, 279, 289, 290, 291, 292, 294, 296, 302, 303, 304, 305, 307], "summary": {"covered_lines": 78, "num_statements": 118, "percent_covered": 66.10169491525424, "percent_covered_display": "66", "missing_lines": 40, "excluded_lines": 0, "percent_statements_covered": 66.10169491525424, "percent_statements_covered_display": "66"}, "missing_lines": [74, 75, 77, 78, 99, 101, 102, 103, 132, 133, 135, 136, 137, 140, 144, 154, 155, 156, 200, 201, 202, 248, 249, 251, 252, 253, 256, 257, 259, 261, 265, 267, 268, 272, 274, 275, 276, 309, 310, 311], "excluded_lines": [], "functions": {"check_market_filter": {"executed_lines": [68, 69, 73, 80, 82, 83, 84, 87, 88, 89, 91, 92, 93, 94, 95, 98, 105, 106, 107, 109, 112, 113, 114, 116, 117, 118, 121, 122, 123, 125, 126, 128], "summary": {"covered_lines": 32, "num_statements": 50, "percent_covered": 64.0, "percent_covered_display": "64", "missing_lines": 18, "excluded_lines": 0, "percent_statements_covered": 64.0, "percent_statements_covered_display": "64"}, "missing_lines": [74, 75, 77, 78, 99, 101, 102, 103, 132, 133, 135, 136, 137, 140, 144, 154, 155, 156], "excluded_lines": []}, "check_signal_criteria": {"executed_lines": [175, 176, 177, 178, 181, 182, 185, 188, 190, 191, 198], "summary": {"covered_lines": 11, "num_statements": 14, "percent_covered": 78.57142857142857, "percent_covered_display": "79", "missing_lines": 3, "excluded_lines": 0, "percent_statements_covered": 78.57142857142857, "percent_statements_covered_display": "79"}, "missing_lines": [200, 201, 202], "excluded_lines": []}, "check_wavetrend_signal": {"executed_lines": [228, 229, 232, 234, 235, 236, 239, 242, 244, 245], "summary": {"covered_lines": 10, "num_statements": 26, "percent_covered": 38.46153846153846, "percent_covered_display": "38", "missing_lines": 16, "excluded_lines": 0, "percent_statements_covered": 38.46153846153846, "percent_statements_covered_display": "38"}, "missing_lines": [248, 249, 251, 252, 253, 256, 257, 259, 261, 265, 267, 268, 272, 274, 275, 276], "excluded_lines": []}, "get_wavetrend_values": {"executed_lines": [289, 290, 291, 292, 294, 296, 302, 303, 304, 305, 307], "summary": {"covered_lines": 11, "num_statements": 14, "percent_covered": 78.57142857142857, "percent_covered_display": "79", "missing_lines": 3, "excluded_lines": 0, "percent_statements_covered": 78.57142857142857, "percent_statements_covered_display": "79"}, "missing_lines": [309, 310, 311], "excluded_lines": []}, "": {"executed_lines": [1, 10, 12, 13, 14, 23, 24, 27, 28, 29, 30, 37, 159, 209, 279], "summary": {"covered_lines": 14, "num_statements": 14, "percent_covered": 100.0, "percent_covered_display": "100", "missing_lines": 0, "excluded_lines": 0, "percent_statements_covered": 100.0, "percent_statements_covered_display": "100"}, "missing_lines": [], "excluded_lines": []}}, "classes": {"": {"executed_lines": [1, 10, 12, 13, 14, 23, 24, 27, 28, 29, 30, 37, 68, 69, 73, 80, 82, 83, 84, 87, 88, 89, 91, 92, 93, 94, 95, 98, 105, 106, 107, 109, 112, 113, 114, 116, 117, 118, 121, 122, 123, 125, 126, 128, 159, 175, 176, 177, 178, 181, 182, 185, 188, 190, 191, 198, 209, 228, 229, 232, 234, 235, 236, 239, 242, 244, 245, 279, 289, 290, 291, 292, 294, 296, 302, 303, 304, 305, 307], "summary": {"covered_lines": 78, "num_statements": 118, "percent_covered": 66.10169491525424, "percent_covered_display": "66", "missing_lines": 40, "excluded_lines": 0, "percent_statements_covered": 66.10169491525424, "percent_statements_covered_display": "66"}, "missing_lines": [74, 75, 77, 78, 99, 101, 102, 103, 132, 133, 135, 136, 137, 140, 144, 154, 155, 156, 200, 201, 202, 248, 249, 251, 252, 253, 256, 257, 259, 261, 265, 267, 268, 272, 274, 275, 276, 309, 310, 311], "excluded_lines": []}}}, "src/health.py": {"executed_lines": [1, 5, 6, 7, 8, 9, 10, 13, 16, 17, 30, 31, 32, 41, 43, 45, 46, 47, 48, 52, 54, 55, 57, 59, 60, 61, 62, 64, 66, 67, 68, 74, 75, 76, 81, 83, 84, 85, 89, 90, 91, 93, 95, 97, 99, 103, 106, 109, 110, 111], "summary": {"covered_lines": 48, "num_statements": 50, "percent_covered": 96.0, "percent_covered_display": "96", "missing_lines": 2, "excluded_lines": 0, "percent_statements_covered": 96.0, "percent_statements_covered_display": "96"}, "missing_lines": [49, 50], "excluded_lines": [], "functions": {"HealthCheck.__init__": {"executed_lines": [31, 32, 41], "summary": {"covered_lines": 3, "num_statements": 3, "percent_covered": 100.0, "percent_covered_display": "100", "missing_lines": 0, "excluded_lines": 0, "percent_statements_covered": 100.0, "percent_statements_covered_display": "100"}, "missing_lines": [], "excluded_lines": []}, "HealthCheck._write": {"executed_lines": [45, 46, 47, 48], "summary": {"covered_lines": 4, "num_statements": 6, "percent_covered": 66.66666666666667, "percent_covered_display": "67", "missing_lines": 2, "excluded_lines": 0, "percent_statements_covered": 66.66666666666667, "percent_statements_covered_display": "67"}, "missing_lines": [49, 50], "excluded_lines": []}, "HealthCheck.heartbeat": {"executed_lines": [54, 55], "summary": {"covered_lines": 2, "num_statements": 2, "percent_covered": 100.0, "percent_covered_display": "100", "missing_lines": 0, "excluded_lines": 0, "percent_statements_covered": 100.0, "percent_statements_covered_display": "100"}, "missing_lines": [], "excluded_lines": []}, "HealthCheck.scan_started": {"executed_lines": [59, 60, 61, 62], "summary": {"covered_lines": 4, "num_statements": 4, "percent_covered": 100.0, "percent_covered_display": "100", "missing_lines": 0, "excluded_lines": 0, "percent_statements_covered": 100.0, "percent_statements_covered_display": "100"}, "missing_lines": [], "excluded_lines": []}, "HealthCheck.scan_completed": {"executed_lines": [66, 67, 68, 74, 75, 76], "summary": {"covered_lines": 6, "num_statements": 6, "percent_covered": 100.0, "percent_covered_display": "100", "missing_lines": 0, "excluded_lines": 0, "percent_statements_covered": 100.0, "percent_statements_covered_display": "100"}, "missing_lines": [], "excluded_lines": []}, "HealthCheck.scan_failed": {"executed_lines": [83, 84, 85, 89, 90, 91], "summary": {"covered_lines": 6, "num_statements": 6, "percent_covered": 100.0, "percent_covered_display": "100", "missing_lines": 0, "excluded_lines": 0, "percent_statements_covered": 100.0, "percent_statements_covered_display": "100"}, "missing_lines": [], "excluded_lines": []}, "HealthCheck.get_status": {"executed_lines": [95], "summary": {"covered_lines": 1, "num_statements": 1, "percent_covered": 100.0, "percent_covered_display": "100", "missing_lines": 0, "excluded_lines": 0, "percent_statements_covered": 100.0, "percent_statements_covered_display": "100"}, "missing_lines": [], "excluded_lines": []}, "HealthCheck.is_healthy": {"executed_lines": [99], "summary": {"covered_lines": 1, "num_statements": 1, "percent_covered": 100.0, "percent_covered_display": "100", "missing_lines": 0, "excluded_lines": 0, "percent_statements_covered": 100.0, "percent_statements_covered_display": "100"}, "missing_lines": [], "excluded_lines": []}, "get_health": {"executed_lines": [109, 110, 111], "summary": {"covered_lines": 3, "num_statements": 3, "percent_covered": 100.0, "percent_covered_display": "100", "missing_lines": 0, "excluded_lines": 0, "percent_statements_covered": 100.0, "percent_statements_covered_display": "100"}, "missing_lines": [], "excluded_lines": []}, "": {"executed_lines": [1, 5, 6, 7, 8, 9, 10, 13, 16, 17, 30, 43, 52, 57, 64, 81, 93, 97, 103, 106], "summary": {"covered_lines": 18, "num_statements": 18, "percent_covered": 100.0, "percent_covered_display": "100", "missing_lines": 0, "excluded_lines": 0, "percent_statements_covered": 100.0, "percent_statements_covered_display": "100"}, "missing_lines": [], "excluded_lines": []}}, "classes": {"HealthCheck": {"executed_lines": [31, 32, 41, 45, 46, 47, 48, 54, 55, 59, 60, 61, 62, 66, 67, 68, 74, 75, 76, 83, 84, 85, 89, 90, 91, 95, 99], "summary": {"covered_lines": 27, "num_statements": 29, "percent_covered": 93.10344827586206, "percent_covered_display": "93", "missing_lines": 2, "excluded_lines": 0, "percent_statements_covered": 93.10344827586206, "percent_statements_covered_display": "93"}, "missing_lines": [49, 50], "excluded_lines": []}, "": {"executed_lines": [1, 5, 6, 7, 8, 9, 10, 13, 16, 17, 30, 43, 52, 57, 64, 81, 93, 97, 103, 106, 109, 110, 111], "summary": {"covered_lines": 21, "num_statements": 21, "percent_covered": 100.0, "percent_covered_display": "100", "missing_lines": 0, "excluded_lines": 0, "percent_statements_covered": 100.0, "percent_statements_covered_display": "100"}, "missing_lines": [], "excluded_lines": []}}}, "src/indicators.py": {"executed_lines": [1, 2, 8, 14, 15, 16, 19, 21, 22, 25, 40, 43, 46, 47, 50, 51, 52, 53, 54, 57, 58, 61, 64, 66, 69, 84, 90, 91, 92, 94, 107, 110, 132, 135, 138, 141, 144, 147, 150, 152, 155, 172, 173, 177, 178, 179, 181, 184, 185, 188, 192, 195, 198, 199, 201, 204, 206, 207, 208, 209, 210, 211, 212, 213, 216, 232, 233, 234, 237, 238, 239, 242, 245, 246, 249, 250, 253, 256, 260, 262, 265, 268, 292, 295, 298, 299, 301], "summary": {"covered_lines": 87, "num_statements": 94, "percent_covered": 92.55319148936171, "percent_covered_display": "93", "missing_lines": 7, "excluded_lines": 0, "percent_statements_covered": 92.55319148936171, "percent_statements_covered_display": "93"}, "missing_lines": [85, 95, 174, 182, 189, 243, 263], "excluded_lines": [], "functions": {"rsi": {"executed_lines": [14, 15, 16, 19, 21, 22], "summary": {"covered_lines": 6, "num_statements": 6, "percent_covered": 100.0, "percent_covered_display": "100", "missing_lines": 0, "excluded_lines": 0, "percent_statements_covered": 100.0, "percent_statements_covered_display": "100"}, "missing_lines": [], "excluded_lines": []}, "mfi": {"executed_lines": [40, 43, 46, 47, 50, 51, 52, 53, 54, 57, 58, 61, 64, 66], "summary": {"covered_lines": 14, "num_statements": 14, "percent_covered": 100.0, "percent_covered_display": "100", "missing_lines": 0, "excluded_lines": 0, "percent_statements_covered": 100.0, "percent_statements_covered_display": "100"}, "missing_lines": [], "excluded_lines": []}, "mfi_uptrend": {"executed_lines": [84, 90, 91, 92, 94, 107], "summary": {"covered_lines": 6, "num_statements": 8, "percent_covered": 75.0, "percent_covered_display": "75", "missing_lines": 2, "excluded_lines": 0, "percent_statements_covered": 75.0, "percent_statements_covered_display": "75"}, "missing_lines": [85, 95], "excluded_lines": []}, "wavetrend": {"executed_lines": [132, 135, 138, 141, 144, 147, 150, 152], "summary": {"covered_lines": 8, "num_statements": 8, "percent_covered": 100.0, "percent_covered_display": "100", "missing_lines": 0, "excluded_lines": 0, "percent_statements_covered": 100.0, "percent_statements_covered_display": "100"}, "missing_lines": [], "excluded_lines": []}, "wavetrend_buy": {"executed_lines": [172, 173, 177, 178, 179, 181, 184, 185, 188, 192, 195, 198, 199, 201], "summary": {"covered_lines": 14, "num_statements": 17, "percent_covered": 82.3529411764706, "percent_covered_display": "82", "missing_lines": 3, "excluded_lines": 0, "percent_statements_covered": 82.3529411764706, "percent_statements_covered_display": "82"}, "missing_lines": [174, 182, 189], "excluded_lines": []}, "stochastic_rsi": {"executed_lines": [206, 207, 208, 209, 210, 211, 212, 213], "summary": {"covered_lines": 8, "num_statements": 8, "percent_covered": 100.0, "percent_covered_display": "100", "missing_lines": 0, "excluded_lines": 0, "percent_statements_covered": 100.0, "percent_statements_covered_display": "100"}, "missing_lines": [], "excluded_lines": []}, "stoch_rsi_buy": {"executed_lines": [232, 233, 234, 237, 238, 239, 242, 245, 246, 249, 250, 253, 256, 260, 262, 265], "summary": {"covered_lines": 16, "num_statements": 18, "percent_covered": 88.88888888888889, "percent_covered_display": "89", "missing_lines": 2, "excluded_lines": 0, "percent_statements_covered": 88.88888888888889, "percent_statements_covered_display": "89"}, "missing_lines": [243, 263], "excluded_lines": []}, "bollinger_bands": {"executed_lines": [292, 295, 298, 299, 301], "summary": {"covered_lines": 5, "num_statements": 5, "percent_covered": 100.0, "percent_covered_display": "100", "missing_lines": 0, "excluded_lines": 0, "percent_statements_covered": 100.0, "percent_statements_covered_display": "100"}, "missing_lines": [], "excluded_lines": []}, "": {"executed_lines": [1, 2, 8, 25, 69, 110, 155, 204, 216, 268], "summary": {"covered_lines": 10, "num_statements": 10, "percent_covered": 100.0, "percent_covered_display": "100", "missing_lines": 0, "excluded_lines": 0, "percent_statements_covered": 100.0, "percent_statements_covered_display": "100"}, "missing_lines": [], "excluded_lines": []}}, "classes": {"": {"executed_lines": [1, 2, 8, 14, 15, 16, 19, 21, 22, 25, 40, 43, 46, 47, 50, 51, 52, 53, 54, 57, 58, 61, 64, 66, 69, 84, 90, 91, 92, 94, 107, 110, 132, 135, 138, 141, 144, 147, 150, 152, 155, 172, 173, 177, 178, 179, 181, 184, 185, 188, 192, 195, 198, 199, 201, 204, 206, 207, 208, 209, 210, 211, 212, 213, 216, 232, 233, 234, 237, 238, 239, 242, 245, 246, 249, 250, 253, 256, 260, 262, 265, 268, 292, 295, 298, 299, 301], "summary": {"covered_lines": 87, "num_statements": 94, "percent_covered": 92.55319148936171, "percent_covered_display": "93", "missing_lines": 7, "excluded_lines": 0, "percent_statements_covered": 92.55319148936171, "percent_statements_covered_display": "93"}, "missing_lines": [85, 95, 174, 182, 189, 243, 263], "excluded_lines": []}}}, "src/logger.py": {"executed_lines": [1, 2, 3, 4, 5, 6, 7, 10, 13, 24, 26, 29, 30, 32, 33, 35, 37, 38, 41, 42, 43, 44, 46, 47, 49, 50, 52, 53, 55, 56, 58, 59, 62, 73, 76, 77, 78, 81, 82, 83, 87, 88, 91, 92, 93, 95, 96, 97, 98, 102, 103, 105, 107, 110], "summary": {"covered_lines": 53, "num_statements": 57, "percent_covered": 92.98245614035088, "percent_covered_display": "93", "missing_lines": 4, "excluded_lines": 0, "percent_statements_covered": 92.98245614035088, "percent_statements_covered_display": "93"}, "missing_lines": [19, 20, 21, 39], "excluded_lines": [], "functions": {"set_correlation_id": {"executed_lines": [], "summary": {"covered_lines": 0, "num_statements": 3, "percent_covered": 0.0, "percent_covered_display": "0", "missing_lines": 3, "excluded_lines": 0, "percent_statements_covered": 0.0, "percent_statements_covered_display": "0"}, "missing_lines": [19, 20, 21], "excluded_lines": []}, "get_correlation_id": {"executed_lines": [26], "summary": {"covered_lines": 1, "num_statements": 1, "percent_covered": 100.0, "percent_covered_display": "100", "missing_lines": 0, "excluded_lines": 0, "percent_statements_covered": 100.0, "percent_statements_covered_display": "100"}, "missing_lines": [], "excluded_lines": []}, "StructuredLogger.__init__": {"executed_lines": [33], "summary": {"covered_lines": 1, "num_statements": 1, "percent_covered": 100.0, "percent_covered_display": "100", "missing_lines": 0, "excluded_lines": 0, "percent_statements_covered": 100.0, "percent_statements_covered_display": "100"}, "missing_lines": [], "excluded_lines": []}, "StructuredLogger._format_msg": {"executed_lines": [37, 38, 41, 42, 43, 44], "summary": {"covered_lines": 6, "num_statements": 7, "percent_covered": 85.71428571428571, "percent_covered_display": "86", "missing_lines": 1, "excluded_lines": 0, "percent_statements_covered": 85.71428571428571, "percent_statements_covered_display": "86"}, "missing_lines": [39], "excluded_lines": []}, "StructuredLogger.debug": {"executed_lines": [47], "summary": {"covered_lines": 1, "num_statements": 1, "percent_covered": 100.0, "percent_covered_display": "100", "missing_lines": 0, "excluded_lines": 0, "percent_statements_covered": 100.0, "percent_statements_covered_display": "100"}, "missing_lines": [], "excluded_lines": []}, "StructuredLogger.info": {"executed_lines": [50], "summary": {"covered_lines": 1, "num_statements": 1, "percent_covered": 100.0, "percent_covered_display": "100", "missing_lines": 0, "excluded_lines": 0, "percent_statements_covered": 100.0, "percent_statements_covered_display": "100"}, "missing_lines": [], "excluded_lines": []}, "StructuredLogger.warning": {"executed_lines": [53], "summary": {"covered_lines": 1, "num_statements": 1, "percent_covered": 100.0, "percent_covered_display": "100", "missing_lines": 0, "excluded_lines": 0, "percent_statements_covered": 100.0, "percent_statements_covered_display": "100"}, "missing_lines": [], "excluded_lines": []}, "StructuredLogger.error": {"executed_lines": [56], "summary": {"covered_lines": 1, "num_statements": 1, "percent_covered": 100.0, "percent_covered_display": "100", "missing_lines": 0, "excluded_lines": 0, "percent_statements_covered": 100.0, "percent_statements_covered_display": "100"}, "missing_lines": [], "excluded_lines": []}, "StructuredLogger.exception": {"executed_lines": [59], "summary": {"covered_lines": 1, "num_statements": 1, "percent_covered": 100.0, "percent_covered_display": "100", "missing_lines": 0, "excluded_lines": 0, "percent_statements_covered": 100.0, "percent_statements_covered_display": "100"}, "missing_lines": [], "excluded_lines": []}, "setup_logger": {"executed_lines": [73, 76, 77, 78, 81, 82, 83, 87, 88, 91, 92, 93, 95, 96, 97, 98, 102, 103, 105, 107], "summary": {"covered_lines": 20, "num_statements": 20, "percent_covered": 100.0, "percent_covered_display": "100", "missing_lines": 0, "excluded_lines": 0, "percent_statements_covered": 100.0, "percent_statements_covered_display": "100"}, "missing_lines": [], "excluded_lines": []}, "": {"executed_lines": [1, 2, 3, 4, 5, 6, 7, 10, 13, 24, 29, 30, 32, 35, 46, 49, 52, 55, 58, 62, 110], "summary": {"covered_lines": 20, "num_statements": 20, "percent_covered": 100.0, "percent_covered_display": "100", "missing_lines": 0, "excluded_lines": 0, "percent_statements_covered": 100.0, "percent_statements_covered_display": "100"}, "missing_lines": [], "excluded_lines": []}}, "classes": {"StructuredLogger": {"executed_lines": [33, 37, 38, 41, 42, 43, 44, 47, 50, 53, 56, 59], "summary": {"covered_lines": 12, "num_statements": 13, "percent_covered": 92.3076923076923, "percent_covered_display": "92", "missing_lines": 1, "excluded_lines": 0, "percent_statements_covered": 92.3076923076923, "percent_statements_covered_display": "92"}, "missing_lines": [39], "excluded_lines": []}, "": {"executed_lines": [1, 2, 3, 4, 5, 6, 7, 10, 13, 24, 26, 29, 30, 32, 35, 46, 49, 52, 55, 58, 62, 73, 76, 77, 78, 81, 82, 83, 87, 88, 91, 92, 93, 95, 96, 97, 98, 102, 103, 105, 107, 110], "summary": {"covered_lines": 41, "num_statements": 44, "percent_covered": 93.18181818181819, "percent_covered_display": "93", "missing_lines": 3, "excluded_lines": 0, "percent_statements_covered": 93.18181818181819, "percent_statements_covered_display": "93"}, "missing_lines": [19, 20, 21], "excluded_lines": []}}}, "src/main.py": {"executed_lines": [1, 10, 11, 12, 14, 20, 21, 23, 44, 52, 58, 64, 80], "summary": {"covered_lines": 11, "num_statements": 16, "percent_covered": 68.75, "percent_covered_display": "69", "missing_lines": 5, "excluded_lines": 2, "percent_statements_covered": 68.75, "percent_statements_covered_display": "69"}, "missing_lines": [24, 28, 38, 70, 72], "excluded_lines": [80, 81], "functions": {"main": {"executed_lines": [], "summary": {"covered_lines": 0, "num_statements": 2, "percent_covered": 0.0, "percent_covered_display": "0", "missing_lines": 2, "excluded_lines": 0, "percent_statements_covered": 0.0, "percent_statements_covered_display": "0"}, "missing_lines": [70, 72], "excluded_lines": []}, "": {"executed_lines": [1, 10, 11, 12, 14, 20, 21, 23, 44, 52, 58, 64, 80], "summary": {"covered_lines": 11, "num_statements": 14, "percent_covered": 78.57142857142857, "percent_covered_display": "79", "missing_lines": 3, "excluded_lines": 2, "percent_statements_covered": 78.57142857142857, "percent_statements_covered_display": "79"}, "missing_lines": [24, 28, 38], "excluded_lines": [80, 81]}}, "classes": {"": {"executed_lines": [1, 10, 11, 12, 14, 20, 21, 23, 44, 52, 58, 64, 80], "summary": {"covered_lines": 11, "num_statements": 16, "percent_covered": 68.75, "percent_covered_display": "69", "missing_lines": 5, "excluded_lines": 2, "percent_statements_covered": 68.75, "percent_statements_covered_display": "69"}, "missing_lines": [24, 28, 38, 70, 72], "excluded_lines": [80, 81]}}}, "src/market_symbols.py": {"executed_lines": [1, 6, 7, 8, 10, 13, 25, 79, 80, 83, 90], "summary": {"covered_lines": 10, "num_statements": 10, "percent_covered": 100.0, "percent_covered_display": "100", "missing_lines": 0, "excluded_lines": 0, "percent_statements_covered": 100.0, "percent_statements_covered_display": "100"}, "missing_lines": [], "excluded_lines": [], "functions": {"get_sp500_symbols": {"executed_lines": [25, 79, 80], "summary": {"covered_lines": 3, "num_statements": 3, "percent_covered": 100.0, "percent_covered_display": "100", "missing_lines": 0, "excluded_lines": 0, "percent_statements_covered": 100.0, "percent_statements_covered_display": "100"}, "missing_lines": [], "excluded_lines": []}, "get_market_cap_threshold": {"executed_lines": [90], "summary": {"covered_lines": 1, "num_statements": 1, "percent_covered": 100.0, "percent_covered_display": "100", "missing_lines": 0, "excluded_lines": 0, "percent_statements_covered": 100.0, "percent_statements_covered_display": "100"}, "missing_lines": [], "excluded_lines": []}, "": {"executed_lines": [1, 6, 7, 8, 10, 13, 83], "summary": {"covered_lines": 6, "num_statements": 6, "percent_covered": 100.0, "percent_covered_display": "100", "missing_lines": 0, "excluded_lines": 0, "percent_statements_covered": 100.0, "percent_statements_covered_display": "100"}, "missing_lines": [], "excluded_lines": []}}, "classes": {"": {"executed_lines": [1, 6, 7, 8, 10, 13, 25, 79, 80, 83, 90], "summary": {"covered_lines": 10, "num_statements": 10, "percent_covered": 100.0, "percent_covered_display": "100", "missing_lines": 0, "excluded_lines": 0, "percent_statements_covered": 100.0, "percent_statements_covered_display": "100"}, "missing_lines": [], "excluded_lines": []}}}, "src/notion_client.py": {"executed_lines": [1, 3, 4, 5, 6, 7, 8, 11, 12, 15, 17, 18, 20, 21, 23, 28, 29, 30, 32, 42, 43, 46, 47, 49, 50, 51, 52, 53, 54, 61, 64, 65, 67, 135, 165, 172, 247, 328, 338, 342, 343, 344, 346, 347, 349, 350, 352, 353, 354, 387, 388, 389, 391, 471, 504, 537, 566, 617, 681, 725, 752, 801, 872, 924, 1009, 1030], "summary": {"covered_lines": 64, "num_statements": 553, "percent_covered": 11.573236889692586, "percent_covered_display": "12", "missing_lines": 489, "excluded_lines": 0, "percent_statements_covered": 11.573236889692586, "percent_statements_covered_display": "12"}, "missing_lines": [83, 84, 87, 89, 91, 92, 94, 95, 96, 99, 100, 101, 102, 108, 109, 110, 112, 114, 115, 116, 117, 118, 124, 125, 127, 128, 131, 132, 133, 146, 147, 149, 150, 151, 152, 153, 154, 156, 157, 158, 159, 161, 162, 163, 167, 168, 169, 170, 186, 188, 189, 190, 192, 193, 194, 197, 198, 199, 202, 203, 204, 205, 208, 209, 210, 211, 213, 214, 215, 216, 218, 219, 220, 221, 223, 224, 226, 227, 228, 230, 231, 233, 235, 236, 237, 238, 239, 240, 241, 242, 243, 244, 245, 258, 259, 260, 262, 263, 264, 267, 268, 269, 270, 273, 274, 276, 277, 278, 279, 281, 282, 283, 284, 287, 303, 304, 311, 312, 313, 314, 315, 317, 318, 319, 320, 321, 322, 323, 324, 325, 326, 339, 340, 357, 358, 359, 360, 361, 362, 364, 365, 367, 368, 370, 371, 372, 375, 376, 378, 379, 380, 381, 382, 384, 385, 402, 403, 404, 406, 408, 409, 410, 412, 413, 416, 417, 419, 420, 421, 422, 423, 424, 426, 427, 430, 446, 447, 454, 455, 456, 457, 458, 460, 461, 462, 463, 464, 465, 466, 467, 468, 469, 481, 482, 483, 485, 487, 489, 490, 491, 493, 494, 496, 497, 498, 500, 501, 502, 514, 515, 516, 518, 520, 522, 523, 524, 526, 527, 529, 530, 531, 533, 534, 535, 547, 549, 551, 552, 553, 555, 556, 558, 559, 560, 562, 563, 564, 576, 578, 579, 580, 581, 583, 584, 586, 587, 590, 591, 592, 593, 594, 595, 597, 598, 600, 601, 602, 603, 604, 606, 607, 608, 609, 611, 613, 614, 615, 624, 625, 627, 628, 629, 630, 632, 633, 635, 636, 639, 640, 641, 642, 643, 644, 646, 647, 650, 651, 653, 654, 655, 656, 657, 659, 660, 661, 662, 663, 665, 668, 669, 670, 671, 672, 674, 675, 677, 678, 679, 691, 693, 694, 696, 697, 698, 700, 701, 702, 703, 704, 707, 708, 710, 711, 712, 713, 715, 716, 717, 718, 719, 720, 721, 722, 723, 732, 735, 736, 737, 738, 739, 740, 743, 744, 745, 746, 747, 748, 750, 762, 763, 764, 765, 767, 768, 770, 771, 774, 775, 776, 777, 778, 779, 781, 782, 784, 785, 786, 787, 788, 790, 791, 792, 793, 795, 797, 798, 799, 812, 813, 814, 817, 818, 819, 820, 823, 824, 826, 828, 829, 830, 832, 833, 834, 837, 853, 854, 861, 862, 863, 865, 866, 868, 869, 870, 886, 888, 890, 891, 892, 894, 895, 896, 899, 902, 904, 914, 915, 917, 918, 920, 921, 922, 937, 939, 940, 941, 943, 944, 945, 946, 948, 949, 951, 952, 955, 956, 957, 958, 959, 960, 962, 963, 965, 966, 967, 970, 971, 972, 973, 974, 975, 977, 978, 979, 980, 983, 984, 986, 987, 988, 990, 991, 992, 994, 995, 996, 997, 998, 999, 1000, 1002, 1003, 1005, 1006, 1007, 1021, 1022, 1024, 1025, 1026, 1027, 1028, 1040, 1041, 1043, 1044, 1045, 1046, 1047], "excluded_lines": [], "functions": {"NotionClient._get_session": {"executed_lines": [20, 21, 23, 28, 29, 30], "summary": {"covered_lines": 6, "num_statements": 6, "percent_covered": 100.0, "percent_covered_display": "100", "missing_lines": 0, "excluded_lines": 0, "percent_statements_covered": 100.0, "percent_statements_covered_display": "100"}, "missing_lines": [], "excluded_lines": []}, "NotionClient.__init__": {"executed_lines": [42, 43, 46, 47, 49, 50, 51, 52, 53, 54, 61, 64, 65], "summary": {"covered_lines": 13, "num_statements": 13, "percent_covered": 100.0, "percent_covered_display": "100", "missing_lines": 0, "excluded_lines": 0, "percent_statements_covered": 100.0, "percent_statements_covered_display": "100"}, "missing_lines": [], "excluded_lines": []}, "NotionClient._request": {"executed_lines": [], "summary": {"covered_lines": 0, "num_statements": 29, "percent_covered": 0.0, "percent_covered_display": "0", "missing_lines": 29, "excluded_lines": 0, "percent_statements_covered": 0.0, "percent_statements_covered_display": "0"}, "missing_lines": [83, 84, 87, 89, 91, 92, 94, 95, 96, 99, 100, 101, 102, 108, 109, 110, 112, 114, 115, 116, 117, 118, 124, 125, 127, 128, 131, 132, 133], "excluded_lines": []}, "NotionClient._get_database_schema": {"executed_lines": [], "summary": {"covered_lines": 0, "num_statements": 15, "percent_covered": 0.0, "percent_covered_display": "0", "missing_lines": 15, "excluded_lines": 0, "percent_statements_covered": 0.0, "percent_statements_covered_display": "0"}, "missing_lines": [146, 147, 149, 150, 151, 152, 153, 154, 156, 157, 158, 159, 161, 162, 163], "excluded_lines": []}, "NotionClient._find_title_property": {"executed_lines": [], "summary": {"covered_lines": 0, "num_statements": 4, "percent_covered": 0.0, "percent_covered_display": "0", "missing_lines": 4, "excluded_lines": 0, "percent_statements_covered": 0.0, "percent_statements_covered_display": "0"}, "missing_lines": [167, 168, 169, 170], "excluded_lines": []}, "NotionClient.get_watchlist": {"executed_lines": [], "summary": {"covered_lines": 0, "num_statements": 45, "percent_covered": 0.0, "percent_covered_display": "0", "missing_lines": 45, "excluded_lines": 0, "percent_statements_covered": 0.0, "percent_statements_covered_display": "0"}, "missing_lines": [186, 188, 189, 190, 192, 193, 194, 197, 198, 199, 202, 203, 204, 205, 208, 209, 210, 211, 213, 214, 215, 216, 218, 219, 220, 221, 223, 224, 226, 227, 228, 230, 231, 233, 235, 236, 237, 238, 239, 240, 241, 242, 243, 244, 245], "excluded_lines": []}, "NotionClient.add_to_signals": {"executed_lines": [], "summary": {"covered_lines": 0, "num_statements": 38, "percent_covered": 0.0, "percent_covered_display": "0", "missing_lines": 38, "excluded_lines": 0, "percent_statements_covered": 0.0, "percent_statements_covered_display": "0"}, "missing_lines": [258, 259, 260, 262, 263, 264, 267, 268, 269, 270, 273, 274, 276, 277, 278, 279, 281, 282, 283, 284, 287, 303, 304, 311, 312, 313, 314, 315, 317, 318, 319, 320, 321, 322, 323, 324, 325, 326], "excluded_lines": []}, "NotionClient.get_signals": {"executed_lines": [338, 342, 343, 344, 346, 347, 349, 350, 352, 353, 354, 387, 388, 389], "summary": {"covered_lines": 14, "num_statements": 38, "percent_covered": 36.8421052631579, "percent_covered_display": "37", "missing_lines": 24, "excluded_lines": 0, "percent_statements_covered": 36.8421052631579, "percent_statements_covered_display": "37"}, "missing_lines": [339, 340, 357, 358, 359, 360, 361, 362, 364, 365, 367, 368, 370, 371, 372, 375, 376, 378, 379, 380, 381, 382, 384, 385], "excluded_lines": []}, "NotionClient.add_to_buy": {"executed_lines": [], "summary": {"covered_lines": 0, "num_statements": 37, "percent_covered": 0.0, "percent_covered_display": "0", "missing_lines": 37, "excluded_lines": 0, "percent_statements_covered": 0.0, "percent_statements_covered_display": "0"}, "missing_lines": [402, 403, 404, 406, 408, 409, 410, 412, 413, 416, 417, 419, 420, 421, 422, 423, 424, 426, 427, 430, 446, 447, 454, 455, 456, 457, 458, 460, 461, 462, 463, 464, 465, 466, 467, 468, 469], "excluded_lines": []}, "NotionClient.delete_from_signals": {"executed_lines": [], "summary": {"covered_lines": 0, "num_statements": 16, "percent_covered": 0.0, "percent_covered_display": "0", "missing_lines": 16, "excluded_lines": 0, "percent_statements_covered": 0.0, "percent_statements_covered_display": "0"}, "missing_lines": [481, 482, 483, 485, 487, 489, 490, 491, 493, 494, 496, 497, 498, 500, 501, 502], "excluded_lines": []}, "NotionClient.delete_from_buy": {"executed_lines": [], "summary": {"covered_lines": 0, "num_statements": 16, "percent_covered": 0.0, "percent_covered_display": "0", "missing_lines": 16, "excluded_lines": 0, "percent_statements_covered": 0.0, "percent_statements_covered_display": "0"}, "missing_lines": [514, 515, 516, 518, 520, 522, 523, 524, 526, 527, 529, 530, 531, 533, 534, 535], "excluded_lines": []}, "NotionClient.delete_from_watchlist": {"executed_lines": [], "summary": {"covered_lines": 0, "num_statements": 13, "percent_covered": 0.0, "percent_covered_display": "0", "missing_lines": 13, "excluded_lines": 0, "percent_statements_covered": 0.0, "percent_statements_covered_display": "0"}, "missing_lines": [547, 549, 551, 552, 553, 555, 556, 558, 559, 560, 562, 563, 564], "excluded_lines": []}, "NotionClient._get_symbol_page_map": {"executed_lines": [], "summary": {"covered_lines": 0, "num_statements": 30, "percent_covered": 0.0, "percent_covered_display": "0", "missing_lines": 30, "excluded_lines": 0, "percent_statements_covered": 0.0, "percent_statements_covered_display": "0"}, "missing_lines": [576, 578, 579, 580, 581, 583, 584, 586, 587, 590, 591, 592, 593, 594, 595, 597, 598, 600, 601, 602, 603, 604, 606, 607, 608, 609, 611, 613, 614, 615], "excluded_lines": []}, "NotionClient.remove_duplicates_from_signals": {"executed_lines": [], "summary": {"covered_lines": 0, "num_statements": 41, "percent_covered": 0.0, "percent_covered_display": "0", "missing_lines": 41, "excluded_lines": 0, "percent_statements_covered": 0.0, "percent_statements_covered_display": "0"}, "missing_lines": [624, 625, 627, 628, 629, 630, 632, 633, 635, 636, 639, 640, 641, 642, 643, 644, 646, 647, 650, 651, 653, 654, 655, 656, 657, 659, 660, 661, 662, 663, 665, 668, 669, 670, 671, 672, 674, 675, 677, 678, 679], "excluded_lines": []}, "NotionClient.delete_page": {"executed_lines": [], "summary": {"covered_lines": 0, "num_statements": 26, "percent_covered": 0.0, "percent_covered_display": "0", "missing_lines": 26, "excluded_lines": 0, "percent_statements_covered": 0.0, "percent_statements_covered_display": "0"}, "missing_lines": [691, 693, 694, 696, 697, 698, 700, 701, 702, 703, 704, 707, 708, 710, 711, 712, 713, 715, 716, 717, 718, 719, 720, 721, 722, 723], "excluded_lines": []}, "NotionClient.get_all_symbols": {"executed_lines": [], "summary": {"covered_lines": 0, "num_statements": 14, "percent_covered": 0.0, "percent_covered_display": "0", "missing_lines": 14, "excluded_lines": 0, "percent_statements_covered": 0.0, "percent_statements_covered_display": "0"}, "missing_lines": [732, 735, 736, 737, 738, 739, 740, 743, 744, 745, 746, 747, 748, 750], "excluded_lines": []}, "NotionClient._get_symbols_from_database": {"executed_lines": [], "summary": {"covered_lines": 0, "num_statements": 29, "percent_covered": 0.0, "percent_covered_display": "0", "missing_lines": 29, "excluded_lines": 0, "percent_statements_covered": 0.0, "percent_statements_covered_display": "0"}, "missing_lines": [762, 763, 764, 765, 767, 768, 770, 771, 774, 775, 776, 777, 778, 779, 781, 782, 784, 785, 786, 787, 788, 790, 791, 792, 793, 795, 797, 798, 799], "excluded_lines": []}, "NotionClient.add_to_watchlist": {"executed_lines": [], "summary": {"covered_lines": 0, "num_statements": 27, "percent_covered": 0.0, "percent_covered_display": "0", "missing_lines": 27, "excluded_lines": 0, "percent_statements_covered": 0.0, "percent_statements_covered_display": "0"}, "missing_lines": [812, 813, 814, 817, 818, 819, 820, 823, 824, 826, 828, 829, 830, 832, 833, 834, 837, 853, 854, 861, 862, 863, 865, 866, 868, 869, 870], "excluded_lines": []}, "NotionClient.update_watchlist_date": {"executed_lines": [], "summary": {"covered_lines": 0, "num_statements": 18, "percent_covered": 0.0, "percent_covered_display": "0", "missing_lines": 18, "excluded_lines": 0, "percent_statements_covered": 0.0, "percent_statements_covered_display": "0"}, "missing_lines": [886, 888, 890, 891, 892, 894, 895, 896, 899, 902, 904, 914, 915, 917, 918, 920, 921, 922], "excluded_lines": []}, "NotionClient.cleanup_old_signals": {"executed_lines": [], "summary": {"covered_lines": 0, "num_statements": 53, "percent_covered": 0.0, "percent_covered_display": "0", "missing_lines": 53, "excluded_lines": 0, "percent_statements_covered": 0.0, "percent_statements_covered_display": "0"}, "missing_lines": [937, 939, 940, 941, 943, 944, 945, 946, 948, 949, 951, 952, 955, 956, 957, 958, 959, 960, 962, 963, 965, 966, 967, 970, 971, 972, 973, 974, 975, 977, 978, 979, 980, 983, 984, 986, 987, 988, 990, 991, 992, 994, 995, 996, 997, 998, 999, 1000, 1002, 1003, 1005, 1006, 1007], "excluded_lines": []}, "NotionClient.symbol_exists_in_signals": {"executed_lines": [], "summary": {"covered_lines": 0, "num_statements": 7, "percent_covered": 0.0, "percent_covered_display": "0", "missing_lines": 7, "excluded_lines": 0, "percent_statements_covered": 0.0, "percent_statements_covered_display": "0"}, "missing_lines": [1021, 1022, 1024, 1025, 1026, 1027, 1028], "excluded_lines": []}, "NotionClient.symbol_exists_in_buy": {"executed_lines": [], "summary": {"covered_lines": 0, "num_statements": 7, "percent_covered": 0.0, "percent_covered_display": "0", "missing_lines": 7, "excluded_lines": 0, "percent_statements_covered": 0.0, "percent_statements_covered_display": "0"}, "missing_lines": [1040, 1041, 1043, 1044, 1045, 1046, 1047], "excluded_lines": []}, "": {"executed_lines": [1, 3, 4, 5, 6, 7, 8, 11, 12, 15, 17, 18, 32, 67, 135, 165, 172, 247, 328, 391, 471, 504, 537, 566, 617, 681, 725, 752, 801, 872, 924, 1009, 1030], "summary": {"covered_lines": 31, "num_statements": 31, "percent_covered": 100.0, "percent_covered_display": "100", "missing_lines": 0, "excluded_lines": 0, "percent_statements_covered": 100.0, "percent_statements_covered_display": "100"}, "missing_lines": [], "excluded_lines": []}}, "classes": {"NotionClient": {"executed_lines": [20, 21, 23, 28, 29, 30, 42, 43, 46, 47, 49, 50, 51, 52, 53, 54, 61, 64, 65, 338, 342, 343, 344, 346, 347, 349, 350, 352, 353, 354, 387, 388, 389], "summary": {"covered_lines": 33, "num_statements": 522, "percent_covered": 6.32183908045977, "percent_covered_display": "6", "missing_lines": 489, "excluded_lines": 0, "percent_statements_covered": 6.32183908045977, "percent_statements_covered_display": "6"}, "missing_lines": [83, 84, 87, 89, 91, 92, 94, 95, 96, 99, 100, 101, 102, 108, 109, 110, 112, 114, 115, 116, 117, 118, 124, 125, 127, 128, 131, 132, 133, 146, 147, 149, 150, 151, 152, 153, 154, 156, 157, 158, 159, 161, 162, 163, 167, 168, 169, 170, 186, 188, 189, 190, 192, 193, 194, 197, 198, 199, 202, 203, 204, 205, 208, 209, 210, 211, 213, 214, 215, 216, 218, 219, 220, 221, 223, 224, 226, 227, 228, 230, 231, 233, 235, 236, 237, 238, 239, 240, 241, 242, 243, 244, 245, 258, 259, 260, 262, 263, 264, 267, 268, 269, 270, 273, 274, 276, 277, 278, 279, 281, 282, 283, 284, 287, 303, 304, 311, 312, 313, 314, 315, 317, 318, 319, 320, 321, 322, 323, 324, 325, 326, 339, 340, 357, 358, 359, 360, 361, 362, 364, 365, 367, 368, 370, 371, 372, 375, 376, 378, 379, 380, 381, 382, 384, 385, 402, 403, 404, 406, 408, 409, 410, 412, 413, 416, 417, 419, 420, 421, 422, 423, 424, 426, 427, 430, 446, 447, 454, 455, 456, 457, 458, 460, 461, 462, 463, 464, 465, 466, 467, 468, 469, 481, 482, 483, 485, 487, 489, 490, 491, 493, 494, 496, 497, 498, 500, 501, 502, 514, 515, 516, 518, 520, 522, 523, 524, 526, 527, 529, 530, 531, 533, 534, 535, 547, 549, 551, 552, 553, 555, 556, 558, 559, 560, 562, 563, 564, 576, 578, 579, 580, 581, 583, 584, 586, 587, 590, 591, 592, 593, 594, 595, 597, 598, 600, 601, 602, 603, 604, 606, 607, 608, 609, 611, 613, 614, 615, 624, 625, 627, 628, 629, 630, 632, 633, 635, 636, 639, 640, 641, 642, 643, 644, 646, 647, 650, 651, 653, 654, 655, 656, 657, 659, 660, 661, 662, 663, 665, 668, 669, 670, 671, 672, 674, 675, 677, 678, 679, 691, 693, 694, 696, 697, 698, 700, 701, 702, 703, 704, 707, 708, 710, 711, 712, 713, 715, 716, 717, 718, 719, 720, 721, 722, 723, 732, 735, 736, 737, 738, 739, 740, 743, 744, 745, 746, 747, 748, 750, 762, 763, 764, 765, 767, 768, 770, 771, 774, 775, 776, 777, 778, 779, 781, 782, 784, 785, 786, 787, 788, 790, 791, 792, 793, 795, 797, 798, 799, 812, 813, 814, 817, 818, 819, 820, 823, 824, 826, 828, 829, 830, 832, 833, 834, 837, 853, 854, 861, 862, 863, 865, 866, 868, 869, 870, 886, 888, 890, 891, 892, 894, 895, 896, 899, 902, 904, 914, 915, 917, 918, 920, 921, 922, 937, 939, 940, 941, 943, 944, 945, 946, 948, 949, 951, 952, 955, 956, 957, 958, 959, 960, 962, 963, 965, 966, 967, 970, 971, 972, 973, 974, 975, 977, 978, 979, 980, 983, 984, 986, 987, 988, 990, 991, 992, 994, 995, 996, 997, 998, 999, 1000, 1002, 1003, 1005, 1006, 1007, 1021, 1022, 1024, 1025, 1026, 1027, 1028, 1040, 1041, 1043, 1044, 1045, 1046, 1047], "excluded_lines": []}, "": {"executed_lines": [1, 3, 4, 5, 6, 7, 8, 11, 12, 15, 17, 18, 32, 67, 135, 165, 172, 247, 328, 391, 471, 504, 537, 566, 617, 681, 725, 752, 801, 872, 924, 1009, 1030], "summary": {"covered_lines": 31, "num_statements": 31, "percent_covered": 100.0, "percent_covered_display": "100", "missing_lines": 0, "excluded_lines": 0, "percent_statements_covered": 100.0, "percent_statements_covered_display": "100"}, "missing_lines": [], "excluded_lines": []}}}, "src/rate_limiter.py": {"executed_lines": [1, 5, 6, 7, 8, 9, 10, 18, 19, 29, 36, 37, 38, 39, 41, 52, 53, 55, 56, 57, 60, 61, 62, 63, 66, 67, 68, 69, 77, 78, 79, 81, 84, 85, 87, 88, 90, 91, 93, 95, 96, 97, 98, 99, 101, 103, 105, 106, 107, 108, 109, 110, 116, 120, 123, 126, 127, 128, 131, 139], "summary": {"covered_lines": 58, "num_statements": 59, "percent_covered": 98.30508474576271, "percent_covered_display": "98", "missing_lines": 1, "excluded_lines": 0, "percent_statements_covered": 98.30508474576271, "percent_statements_covered_display": "98"}, "missing_lines": [100], "excluded_lines": [], "functions": {"RateLimiter.__init__": {"executed_lines": [37, 38, 39], "summary": {"covered_lines": 3, "num_statements": 3, "percent_covered": 100.0, "percent_covered_display": "100", "missing_lines": 0, "excluded_lines": 0, "percent_statements_covered": 100.0, "percent_statements_covered_display": "100"}, "missing_lines": [], "excluded_lines": []}, "RateLimiter.wait": {"executed_lines": [52, 53, 55, 56, 57, 60, 61, 62, 63, 66, 67, 68, 69, 77, 78, 79, 81, 84, 85, 87, 88, 90, 91], "summary": {"covered_lines": 23, "num_statements": 23, "percent_covered": 100.0, "percent_covered_display": "100", "missing_lines": 0, "excluded_lines": 0, "percent_statements_covered": 100.0, "percent_statements_covered_display": "100"}, "missing_lines": [], "excluded_lines": []}, "RateLimiter.get_remaining": {"executed_lines": [95, 96, 97, 98, 99, 101], "summary": {"covered_lines": 6, "num_statements": 7, "percent_covered": 85.71428571428571, "percent_covered_display": "86", "missing_lines": 1, "excluded_lines": 0, "percent_statements_covered": 85.71428571428571, "percent_statements_covered_display": "86"}, "missing_lines": [100], "excluded_lines": []}, "RateLimiter.get_stats": {"executed_lines": [105, 106, 107, 108, 109, 110, 116], "summary": {"covered_lines": 7, "num_statements": 7, "percent_covered": 100.0, "percent_covered_display": "100", "missing_lines": 0, "excluded_lines": 0, "percent_statements_covered": 100.0, "percent_statements_covered_display": "100"}, "missing_lines": [], "excluded_lines": []}, "get_rate_limiter": {"executed_lines": [126, 127, 128], "summary": {"covered_lines": 3, "num_statements": 3, "percent_covered": 100.0, "percent_covered_display": "100", "missing_lines": 0, "excluded_lines": 0, "percent_statements_
[...]
": [46, 47, 94], "summary": {"covered_lines": 3, "num_statements": 3, "percent_covered": 100.0, "percent_covered_display": "100", "missing_lines": 0, "excluded_lines": 0, "percent_statements_covered": 100.0, "percent_statements_covered_display": "100"}, "missing_lines": [], "excluded_lines": []}, "retry_with_backoff.decorator": {"executed_lines": [48, 93], "summary": {"covered_lines": 2, "num_statements": 2, "percent_covered": 100.0, "percent_covered_display": "100", "missing_lines": 0, "excluded_lines": 0, "percent_statements_covered": 100.0, "percent_statements_covered_display": "100"}, "missing_lines": [], "excluded_lines": []}, "retry_with_backoff.decorator.wrapper": {"executed_lines": [49, 51, 52, 53, 54, 55, 57, 58, 64, 70, 73, 74, 76, 85, 86, 88], "summary": {"covered_lines": 16, "num_statements": 17, "percent_covered": 94.11764705882354, "percent_covered_display": "94", "missing_lines": 1, "excluded_lines": 0, "percent_statements_covered": 94.11764705882354, "percent_statements_covered_display": "94"}, "missing_lines": [91], "excluded_lines": []}, "is_retryable_http_status": {"executed_lines": [104], "summary": {"covered_lines": 1, "num_statements": 1, "percent_covered": 100.0, "percent_covered_display": "100", "missing_lines": 0, "excluded_lines": 0, "percent_statements_covered": 100.0, "percent_statements_covered_display": "100"}, "missing_lines": [], "excluded_lines": []}, "RetryableRequestException.__init__": {"executed_lines": [110, 111], "summary": {"covered_lines": 2, "num_statements": 2, "percent_covered": 100.0, "percent_covered_display": "100", "missing_lines": 0, "excluded_lines": 0, "percent_statements_covered": 100.0, "percent_statements_covered_display": "100"}, "missing_lines": [], "excluded_lines": []}, "": {"executed_lines": [1, 5, 6, 7, 8, 9, 10, 13, 14, 15, 20, 97, 107, 108, 109], "summary": {"covered_lines": 12, "num_statements": 12, "percent_covered": 100.0, "percent_covered_display": "100", "missing_lines": 0, "excluded_lines": 0, "percent_statements_covered": 100.0, "percent_statements_covered_display": "100"}, "missing_lines": [], "excluded_lines": []}}, "classes": {"RetryError": {"executed_lines": [16, 17], "summary": {"covered_lines": 2, "num_statements": 2, "percent_covered": 100.0, "percent_covered_display": "100", "missing_lines": 0, "excluded_lines": 0, "percent_statements_covered": 100.0, "percent_statements_covered_display": "100"}, "missing_lines": [], "excluded_lines": []}, "RetryableRequestException": {"executed_lines": [110, 111], "summary": {"covered_lines": 2, "num_statements": 2, "percent_covered": 100.0, "percent_covered_display": "100", "missing_lines": 0, "excluded_lines": 0, "percent_statements_covered": 100.0, "percent_statements_covered_display": "100"}, "missing_lines": [], "excluded_lines": []}, "": {"executed_lines": [1, 5, 6, 7, 8, 9, 10, 13, 14, 15, 20, 46, 47, 48, 49, 51, 52, 53, 54, 55, 57, 58, 64, 70, 73, 74, 76, 85, 86, 88, 93, 94, 97, 104, 107, 108, 109], "summary": {"covered_lines": 34, "num_statements": 35, "percent_covered": 97.14285714285714, "percent_covered_display": "97", "missing_lines": 1, "excluded_lines": 0, "percent_statements_covered": 97.14285714285714, "percent_statements_covered_display": "97"}, "missing_lines": [91], "excluded_lines": []}}}, "src/scanner.py": {"executed_lines": [1, 10, 11, 13, 14, 15, 16, 17, 18, 19, 20, 21, 22, 23, 24, 25, 26, 28, 29, 32, 43, 44, 46, 47, 48, 51, 52, 54, 55, 56, 59, 60, 62, 63, 75, 78, 93, 96, 97, 98, 99, 102, 110, 111, 114, 115, 118, 119, 120, 121, 123, 124, 125, 126, 127, 128, 129, 132, 133, 136, 137, 138, 141, 143, 144, 180, 181, 182, 183, 184, 188, 189, 192, 193, 194, 198, 200, 201, 204, 205, 208, 209, 210, 211, 213, 214, 215, 216, 217, 223, 224, 225, 226, 227, 228, 229, 230, 231, 233, 238, 247, 260, 266, 267, 270, 271, 272, 276, 277, 278, 280, 283, 286, 287, 289, 291, 292, 293, 296, 297, 298, 299, 300, 301, 302, 306, 307, 310, 311, 313, 314, 316, 317, 318, 319, 321, 323, 428, 430, 434, 435, 436, 437, 439, 445, 446, 451, 453, 460, 472, 473, 474, 475, 476, 478, 479, 480, 482, 483, 484, 485, 486, 487, 489, 490, 492, 493, 494, 496, 498, 499, 500, 501, 502, 508, 529, 540, 541, 542], "summary": {"covered_lines": 178, "num_statements": 305, "percent_covered": 58.36065573770492, "percent_covered_display": "58", "missing_lines": 127, "excluded_lines": 0, "percent_statements_covered": 58.36065573770492, "percent_statements_covered_display": "58"}, "missing_lines": [49, 57, 65, 66, 68, 69, 70, 71, 72, 73, 134, 146, 149, 150, 151, 152, 154, 155, 157, 158, 160, 161, 163, 164, 166, 167, 168, 169, 170, 171, 172, 173, 175, 176, 177, 185, 202, 218, 219, 220, 273, 288, 303, 304, 324, 326, 327, 328, 329, 331, 332, 333, 334, 336, 337, 339, 340, 341, 343, 344, 347, 348, 349, 350, 352, 353, 354, 355, 358, 359, 360, 361, 364, 365, 367, 387, 388, 390, 397, 399, 400, 401, 403, 411, 413, 414, 415, 416, 418, 419, 420, 422, 423, 424, 425, 426, 431, 440, 441, 442, 503, 504, 505, 506, 507, 509, 510, 511, 513, 516, 517, 518, 519, 520, 521, 522, 523, 524, 526, 527, 530, 531, 532, 534, 536, 537, 538], "excluded_lines": [], "functions": {"update_signal_performance": {"executed_lines": [43, 44, 46, 47, 48, 51, 52, 54, 55, 56, 59, 60, 62, 63, 75], "summary": {"covered_lines": 15, "num_statements": 25, "percent_covered": 60.0, "percent_covered_display": "60", "missing_lines": 10, "excluded_lines": 0, "percent_statements_covered": 60.0, "percent_statements_covered_display": "60"}, "missing_lines": [49, 57, 65, 66, 68, 69, 70, 71, 72, 73], "excluded_lines": []}, "run_market_scan": {"executed_lines": [93, 96, 97, 98, 99, 102, 110, 111, 114, 115, 118, 119, 120, 121, 123, 124, 125, 126, 127, 128, 129, 132, 133, 136, 137, 138, 141, 143, 144, 180, 181, 182, 183, 184, 188, 189, 192, 193, 194, 198, 200, 201, 204, 205, 208, 209, 210, 211, 213, 214, 215, 216, 217, 223, 224, 225, 226, 227, 228, 229, 230, 231, 233, 238], "summary": {"covered_lines": 64, "num_statements": 94, "percent_covered": 68.08510638297872, "percent_covered_display": "68", "missing_lines": 30, "excluded_lines": 0, "percent_statements_covered": 68.08510638297872, "percent_statements_covered_display": "68"}, "missing_lines": [134, 146, 149, 150, 151, 152, 154, 155, 157, 158, 160, 161, 163, 164, 166, 167, 168, 169, 170, 171, 172, 173, 175, 176, 177, 185, 202, 218, 219, 220], "excluded_lines": []}, "run_wavetrend_scan": {"executed_lines": [260, 266, 267, 270, 271, 272, 276, 277, 278, 280, 283, 286, 287, 289, 291, 292, 293, 296, 297, 298, 299, 300, 301, 302, 306, 307, 310, 311, 313, 314, 316, 317, 318, 319, 321, 323, 428, 430, 434, 435, 436, 437, 439, 445, 446, 451, 453], "summary": {"covered_lines": 47, "num_statements": 107, "percent_covered": 43.925233644859816, "percent_covered_display": "44", "missing_lines": 60, "excluded_lines": 0, "percent_statements_covered": 43.925233644859816, "percent_statements_covered_display": "44"}, "missing_lines": [273, 288, 303, 304, 324, 326, 327, 328, 329, 331, 332, 333, 334, 336, 337, 339, 340, 341, 343, 344, 347, 348, 349, 350, 352, 353, 354, 355, 358, 359, 360, 361, 364, 365, 367, 387, 388, 390, 397, 399, 400, 401, 403, 411, 413, 414, 415, 416, 418, 419, 420, 422, 423, 424, 425, 426, 431, 440, 441, 442], "excluded_lines": []}, "run_continuous": {"executed_lines": [472, 473, 474, 475, 476, 478, 479, 480, 482, 483, 484, 485, 486, 487, 489, 490, 492, 493, 494, 496, 498, 499, 500, 501, 502, 508, 529, 540, 541, 542], "summary": {"covered_lines": 30, "num_statements": 57, "percent_covered": 52.63157894736842, "percent_covered_display": "53", "missing_lines": 27, "excluded_lines": 0, "percent_statements_covered": 52.63157894736842, "percent_statements_covered_display": "53"}, "missing_lines": [503, 504, 505, 506, 507, 509, 510, 511, 513, 516, 517, 518, 519, 520, 521, 522, 523, 524, 526, 527, 530, 531, 532, 534, 536, 537, 538], "excluded_lines": []}, "": {"executed_lines": [1, 10, 11, 13, 14, 15, 16, 17, 18, 19, 20, 21, 22, 23, 24, 25, 26, 28, 29, 32, 78, 247, 460], "summary": {"covered_lines": 22, "num_statements": 22, "percent_covered": 100.0, "percent_covered_display": "100", "missing_lines": 0, "excluded_lines": 0, "percent_statements_covered": 100.0, "percent_statements_covered_display": "100"}, "missing_lines": [], "excluded_lines": []}}, "classes": {"": {"executed_lines": [1, 10, 11, 13, 14, 15, 16, 17, 18, 19, 20, 21, 22, 23, 24, 25, 26, 28, 29, 32, 43, 44, 46, 47, 48, 51, 52, 54, 55, 56, 59, 60, 62, 63, 75, 78, 93, 96, 97, 98, 99, 102, 110, 111, 114, 115, 118, 119, 120, 121, 123, 124, 125, 126, 127, 128, 129, 132, 133, 136, 137, 138, 141, 143, 144, 180, 181, 182, 183, 184, 188, 189, 192, 193, 194, 198, 200, 201, 204, 205, 208, 209, 210, 211, 213, 214, 215, 216, 217, 223, 224, 225, 226, 227, 228, 229, 230, 231, 233, 238, 247, 260, 266, 267, 270, 271, 272, 276, 277, 278, 280, 283, 286, 287, 289, 291, 292, 293, 296, 297, 298, 299, 300, 301, 302, 306, 307, 310, 311, 313, 314, 316, 317, 318, 319, 321, 323, 428, 430, 434, 435, 436, 437, 439, 445, 446, 451, 453, 460, 472, 473, 474, 475, 476, 478, 479, 480, 482, 483, 484, 485, 486, 487, 489, 490, 492, 493, 494, 496, 498, 499, 500, 501, 502, 508, 529, 540, 541, 542], "summary": {"covered_lines": 178, "num_statements": 305, "percent_covered": 58.36065573770492, "percent_covered_display": "58", "missing_lines": 127, "excluded_lines": 0, "percent_statements_covered": 58.36065573770492, "percent_statements_covered_display": "58"}, "missing_lines": [49, 57, 65, 66, 68, 69, 70, 71, 72, 73, 134, 146, 149, 150, 151, 152, 154, 155, 157, 158, 160, 161, 163, 164, 166, 167, 168, 169, 170, 171, 172, 173, 175, 176, 177, 185, 202, 218, 219, 220, 273, 288, 303, 304, 324, 326, 327, 328, 329, 331, 332, 333, 334, 336, 337, 339, 340, 341, 343, 344, 347, 348, 349, 350, 352, 353, 354, 355, 358, 359, 360, 361, 364, 365, 367, 387, 388, 390, 397, 399, 400, 401, 403, 411, 413, 414, 415, 416, 418, 419, 420, 422, 423, 424, 425, 426, 431, 440, 441, 442, 503, 504, 505, 506, 507, 509, 510, 511, 513, 516, 517, 518, 519, 520, 521, 522, 523, 524, 526, 527, 530, 531, 532, 534, 536, 537, 538], "excluded_lines": []}}}, "src/signal_tracker.py": {"executed_lines": [1, 11, 12, 13, 14, 15, 18, 19, 21, 25, 41, 49, 80, 116, 129, 144, 224], "summary": {"covered_lines": 15, "num_statements": 104, "percent_covered": 14.423076923076923, "percent_covered_display": "14", "missing_lines": 89, "excluded_lines": 0, "percent_statements_covered": 14.423076923076923, "percent_statements_covered_display": "14"}, "missing_lines": [22, 23, 27, 28, 34, 35, 36, 37, 38, 39, 43, 44, 45, 46, 47, 61, 64, 65, 66, 67, 70, 71, 72, 74, 75, 76, 78, 88, 89, 92, 95, 98, 104, 107, 108, 113, 114, 118, 119, 131, 132, 134, 135, 137, 155, 158, 159, 161, 162, 163, 166, 167, 170, 171, 173, 174, 177, 178, 179, 180, 183, 184, 185, 189, 191, 192, 194, 195, 196, 198, 199, 200, 202, 210, 211, 216, 217, 219, 220, 222, 234, 236, 237, 239, 241, 242, 250, 251, 253], "excluded_lines": [], "functions": {"SignalTracker.__init__": {"executed_lines": [], "summary": {"covered_lines": 0, "num_statements": 2, "percent_covered": 0.0, "percent_covered_display": "0", "missing_lines": 2, "excluded_lines": 0, "percent_statements_covered": 0.0, "percent_statements_covered_display": "0"}, "missing_lines": [22, 23], "excluded_lines": []}, "SignalTracker._load_data": {"executed_lines": [], "summary": {"covered_lines": 0, "num_statements": 8, "percent_covered": 0.0, "percent_covered_display": "0", "missing_lines": 8, "excluded_lines": 0, "percent_statements_covered": 0.0, "percent_statements_covered_display": "0"}, "missing_lines": [27, 28, 34, 35, 36, 37, 38, 39], "excluded_lines": []}, "SignalTracker._save_data": {"executed_lines": [], "summary": {"covered_lines": 0, "num_statements": 5, "percent_covered": 0.0, "percent_covered_display": "0", "missing_lines": 5, "excluded_lines": 0, "percent_statements_covered": 0.0, "percent_statements_covered_display": "0"}, "missing_lines": [43, 44, 45, 46, 47], "excluded_lines": []}, "SignalTracker.can_send_alert": {"executed_lines": [], "summary": {"covered_lines": 0, "num_statements": 12, "percent_covered": 0.0, "percent_covered_display": "0", "missing_lines": 12, "excluded_lines": 0, "percent_statements_covered": 0.0, "percent_statements_covered_display": "0"}, "missing_lines": [61, 64, 65, 66, 67, 70, 71, 72, 74, 75, 76, 78], "excluded_lines": []}, "SignalTracker.record_alert": {"executed_lines": [], "summary": {"covered_lines": 0, "num_statements": 10, "percent_covered": 0.0, "percent_covered_display": "0", "missing_lines": 10, "excluded_lines": 0, "percent_statements_covered": 0.0, "percent_statements_covered_display": "0"}, "missing_lines": [88, 89, 92, 95, 98, 104, 107, 108, 113, 114], "excluded_lines": []}, "SignalTracker.get_daily_stats": {"executed_lines": [], "summary": {"covered_lines": 0, "num_statements": 2, "percent_covered": 0.0, "percent_covered_display": "0", "missing_lines": 2, "excluded_lines": 0, "percent_statements_covered": 0.0, "percent_statements_covered_display": "0"}, "missing_lines": [118, 119], "excluded_lines": []}, "SignalTracker.get_symbol_cooldown_status": {"executed_lines": [], "summary": {"covered_lines": 0, "num_statements": 5, "percent_covered": 0.0, "percent_covered_display": "0", "missing_lines": 5, "excluded_lines": 0, "percent_statements_covered": 0.0, "percent_statements_covered_display": "0"}, "missing_lines": [131, 132, 134, 135, 137], "excluded_lines": []}, "SignalTracker.update_signal_performance": {"executed_lines": [], "summary": {"covered_lines": 0, "num_statements": 36, "percent_covered": 0.0, "percent_covered_display": "0", "missing_lines": 36, "excluded_lines": 0, "percent_statements_covered": 0.0, "percent_statements_covered_display": "0"}, "missing_lines": [155, 158, 159, 161, 162, 163, 166, 167, 170, 171, 173, 174, 177, 178, 179, 180, 183, 184, 185, 189, 191, 192, 194, 195, 196, 198, 199, 200, 202, 210, 211, 216, 217, 219, 220, 222], "excluded_lines": []}, "SignalTracker.get_signal_stats": {"executed_lines": [], "summary": {"covered_lines": 0, "num_statements": 9, "percent_covered": 0.0, "percent_covered_display": "0", "missing_lines": 9, "excluded_lines": 0, "percent_statements_covered": 0.0, "percent_statements_covered_display": "0"}, "missing_lines": [234, 236, 237, 239, 241, 242, 250, 251, 253], "excluded_lines": []}, "": {"executed_lines": [1, 11, 12, 13, 14, 15, 18, 19, 21, 25, 41, 49, 80, 116, 129, 144, 224], "summary": {"covered_lines": 15, "num_statements": 15, "percent_covered": 100.0, "percent_covered_display": "100", "missing_lines": 0, "excluded_lines": 0, "percent_statements_covered": 100.0, "percent_statements_covered_display": "100"}, "missing_lines": [], "excluded_lines": []}}, "classes": {"SignalTracker": {"executed_lines": [], "summary": {"covered_lines": 0, "num_statements": 89, "percent_covered": 0.0, "percent_covered_display": "0", "missing_lines": 89, "excluded_lines": 0, "percent_statements_covered": 0.0, "percent_statements_covered_display": "0"}, "missing_lines": [22, 23, 27, 28, 34, 35, 36, 37, 38, 39, 43, 44, 45, 46, 47, 61, 64, 65, 66, 67, 70, 71, 72, 74, 75, 76, 78, 88, 89, 92, 95, 98, 104, 107, 108, 113, 114, 118, 119, 131, 132, 134, 135, 137, 155, 158, 159, 161, 162, 163, 166, 167, 170, 171, 173, 174, 177, 178, 179, 180, 183, 184, 185, 189, 191, 192, 194, 195, 196, 198, 199, 200, 202, 210, 211, 216, 217, 219, 220, 222, 234, 236, 237, 239, 241, 242, 250, 251, 253], "excluded_lines": []}, "": {"executed_lines": [1, 11, 12, 13, 14, 15, 18, 19, 21, 25, 41, 49, 80, 116, 129, 144, 224], "summary": {"covered_lines": 15, "num_statements": 15, "percent_covered": 100.0, "percent_covered_display": "100", "missing_lines": 0, "excluded_lines": 0, "percent_statements_covered": 100.0, "percent_statements_covered_display": "100"}, "missing_lines": [], "excluded_lines": []}}}, "src/telegram_client.py": {"executed_lines": [1, 2, 3, 4, 5, 6, 7, 10, 11, 20, 22, 23, 25, 26, 27, 32, 33, 34, 36, 37, 38, 39, 40, 41, 43, 59, 61, 62, 63, 65, 66, 67, 69, 76, 83, 94, 101, 102, 103, 104, 105, 106, 114, 117, 118, 123, 129, 130, 133, 138, 140, 147], "summary": {"covered_lines": 51, "num_statements": 73, "percent_covered": 69.86301369863014, "percent_covered_display": "70", "missing_lines": 22, "excluded_lines": 0, "percent_statements_covered": 69.86301369863014, "percent_statements_covered_display": "70"}, "missing_lines": [77, 78, 79, 80, 81, 85, 86, 87, 90, 91, 92, 95, 96, 97, 98, 99, 108, 109, 110, 111, 145, 149], "excluded_lines": [], "functions": {"TelegramClient._get_session": {"executed_lines": [25, 26, 27, 32, 33, 34], "summary": {"covered_lines": 6, "num_statements": 6, "percent_covered": 100.0, "percent_covered_display": "100", "missing_lines": 0, "excluded_lines": 0, "percent_statements_covered": 100.0, "percent_statements_covered_display": "100"}, "missing_lines": [], "excluded_lines": []}, "TelegramClient.__init__": {"executed_lines": [37, 38, 39, 40, 41], "summary": {"covered_lines": 5, "num_statements": 5, "percent_covered": 100.0, "percent_covered_display": "100", "missing_lines": 0, "excluded_lines": 0, "percent_statements_covered": 100.0, "percent_statements_covered_display": "100"}, "missing_lines": [], "excluded_lines": []}, "TelegramClient.send": {"executed_lines": [59, 61, 62, 63, 65, 66, 67, 69, 76, 83, 94, 101, 102, 103, 104, 105, 106, 114, 117, 118, 123, 129, 130, 133, 138], "summary": {"covered_lines": 25, "num_statements": 45, "percent_covered": 55.55555555555556, "percent_covered_display": "56", "missing_lines": 20, "excluded_lines": 0, "percent_statements_covered": 55.55555555555556, "percent_statements_covered_display": "56"}, "missing_lines": [77, 78, 79, 80, 81, 85, 86, 87, 90, 91, 92, 95, 96, 97, 98, 99, 108, 109, 110, 111], "excluded_lines": []}, "TelegramClient.send_critical": {"executed_lines": [], "summary": {"covered_lines": 0, "num_statements": 1, "percent_covered": 0.0, "percent_covered_display": "0", "missing_lines": 1, "excluded_lines": 0, "percent_statements_covered": 0.0, "percent_statements_covered_display": "0"}, "missing_lines": [145], "excluded_lines": []}, "TelegramClient.is_healthy": {"executed_lines": [], "summary": {"covered_lines": 0, "num_statements": 1, "percent_covered": 0.0, "percent_covered_display": "0", "missing_lines": 1, "excluded_lines": 0, "percent_statements_covered": 0.0, "percent_statements_covered_display": "0"}, "missing_lines": [149], "excluded_lines": []}, "": {"executed_lines": [1, 2, 3, 4, 5, 6, 7, 10, 11, 20, 22, 23, 36, 43, 140, 147], "summary": {"covered_lines": 15, "num_statements": 15, "percent_covered": 100.0, "percent_covered_display": "100", "missing_lines": 0, "excluded_lines": 0, "percent_statements_covered": 100.0, "percent_statements_covered_display": "100"}, "missing_lines": [], "excluded_lines": []}}, "classes": {"TelegramClient": {"executed_lines": [25, 26, 27, 32, 33, 34, 37, 38, 39, 40, 41, 59, 61, 62, 63, 65, 66, 67, 69, 76, 83, 94, 101, 102, 103, 104, 105, 106, 114, 117, 118, 123, 129, 130, 133, 138], "summary": {"covered_lines": 36, "num_statements": 58, "percent_covered": 62.06896551724138, "percent_covered_display": "62", "missing_lines": 22, "excluded_lines": 0, "percent_statements_covered": 62.06896551724138, "percent_statements_covered_display": "62"}, "missing_lines": [77, 78, 79, 80, 81, 85, 86, 87, 90, 91, 92, 95, 96, 97, 98, 99, 108, 109, 110, 111, 145, 149], "excluded_lines": []}, "": {"executed_lines": [1, 2, 3, 4, 5, 6, 7, 10, 11, 20, 22, 23, 36, 43, 140, 147], "summary": {"covered_lines": 15, "num_statements": 15, "percent_covered": 100.0, "percent_covered_display": "100", "missing_lines": 0, "excluded_lines": 0, "percent_statements_covered": 100.0, "percent_statements_covered_display": "100"}, "missing_lines": [], "excluded_lines": []}}}}, "totals": {"covered_lines": 1028, "num_statements": 2064, "percent_covered": 49.8062015503876, "percent_covered_display": "50", "missing_lines": 1036, "excluded_lines": 2, "percent_statements_covered": 49.8062015503876, "percent_statements_covered_display": "50"}}